Oct  7 01:55:35.371[36m [INFO] [0mLog file will be printed on /Users/thiekus/projects/gargoyle-judge/lib/log/gymaster_200f_07-10-2019_01-55-35.log
Oct  7 01:55:35.371[36m [INFO] [0mProgramDir: /Users/thiekus/projects/gargoyle-judge/lib
Oct  7 01:55:35.371[36m [INFO] [0mWorkDir: /Users/thiekus/projects/gargoyle-judge/lib
Oct  7 01:55:35.371[36m [INFO] [0mInitializing master server...
Oct  7 01:55:35.372[36m [INFO] [0mConfig data loaded...
Oct  7 01:55:35.372[36m [INFO] [0mTesting database connection...
Oct  7 01:55:35.372[36m [INFO] [0mDB Driver: mysql
Oct  7 01:55:35.372[36m [INFO] [0mPing test into selected database...
Oct  7 01:55:35.376[36m [INFO] [0mDB Connection OK!
Oct  7 01:55:35.377[36m [INFO] [0mRouters have been initialized...
Oct  7 01:55:35.378[36m [INFO] [0mServer will use plain HTTP
Oct  7 01:55:38.850[36m [INFO] [0mClient [::1]:50610 uid:0 accessing /dashboard
Oct  7 01:55:38.862[36m [INFO] [0mClient [::1]:50610 uid:0 accessing /login?target=L2Rhc2hib2FyZA==
Oct  7 01:55:44.309[36m [INFO] [0mClient [::1]:50610 uid:0 accessing /login
Oct  7 01:55:44.309[36m [INFO] [0mUser gyroot trying to login...
Oct  7 01:55:44.315[36m [INFO] [0mUser gyroot logged in with token 1462985ccd9a26be83601ac042196c266493405fba9f06877e83b1bf25868cab
Oct  7 01:55:44.327[36m [INFO] [0mClient [::1]:50610 uid:1 accessing /dashboard
Oct  7 01:55:46.263[36m [INFO] [0mClient [::1]:50610 uid:1 accessing /dashboard/scoreboard
Oct  7 01:55:47.701[36m [INFO] [0mClient [::1]:50610 uid:1 accessing /dashboard/manageContests
Oct  7 01:55:48.773[36m [INFO] [0mClient [::1]:50610 uid:1 accessing /dashboard/manageUsers
Oct  7 01:55:50.948[36m [INFO] [0mClient [::1]:50610 uid:1 accessing /logout
Oct  7 01:55:50.949[36m [INFO] [0mRemoving token 1462985ccd9a26be83601ac042196c266493405fba9f06877e83b1bf25868cab from logged user
Oct  7 01:55:50.962[36m [INFO] [0mClient [::1]:50610 uid:0 accessing /
Oct  7 01:55:55.995[36m [INFO] [0mClient [::1]:50610 uid:0 accessing /login
Oct  7 01:55:55.995[36m [INFO] [0mUser dummy trying to login...
Oct  7 01:55:56.000[36m [INFO] [0mUser dummy logged in with token 381781ba2ca60deffe82fef7e0d2d5f983030d4b176cff621fe1a9011cb732e3
Oct  7 01:55:56.012[36m [INFO] [0mClient [::1]:50610 uid:3 accessing /dashboard
Oct  7 01:55:57.665[36m [INFO] [0mClient [::1]:50610 uid:3 accessing /dashboard/contests
Oct  7 01:55:58.789[36m [INFO] [0mClient [::1]:50610 uid:3 accessing /dashboard/userSubmissions
Oct  7 01:56:00.672[36m [INFO] [0mClient [::1]:50610 uid:3 accessing /dashboard/profile
Oct  7 01:56:04.801[36m [INFO] [0mClient [::1]:50610 uid:3 accessing /dashboard/manageUsers
Oct  7 01:56:04.801[31m [ERRO] [0muid:3 cannot access dashboard because insufficient privileges! Roles: {1 Contestant true false false}
Oct  7 01:56:09.607[36m [INFO] [0mClient [::1]:50610 uid:3 accessing /dashboard/manageContests
Oct  7 01:56:09.607[31m [ERRO] [0muid:3 cannot access dashboard because insufficient privileges! Roles: {1 Contestant true false false}
Oct  7 01:56:26.507[36m [INFO] [0mClient [::1]:50610 uid:3 accessing /logout
Oct  7 01:56:26.507[36m [INFO] [0mRemoving token 381781ba2ca60deffe82fef7e0d2d5f983030d4b176cff621fe1a9011cb732e3 from logged user
Oct  7 01:56:26.523[36m [INFO] [0mClient [::1]:50610 uid:0 accessing /
Oct  7 01:58:11.155[36m [INFO] [0mClient [::1]:50610 uid:0 accessing /login
Oct  7 01:58:11.155[36m [INFO] [0mUser gyroot trying to login...
Oct  7 01:58:11.159[31m [ERRO] [0m[gyroot] Password error: password authentication for this username is invalid
Oct  7 01:58:11.159[31m [ERRO] [0m[gyroot] Login error: password authentication for this username is invalid
Oct  7 01:58:11.175[36m [INFO] [0mClient [::1]:50610 uid:0 accessing /login
Oct  7 01:58:24.351[36m [INFO] [0mClient [::1]:50610 uid:0 accessing /login
Oct  7 01:58:24.351[36m [INFO] [0mUser dummy trying to login...
Oct  7 01:58:24.356[36m [INFO] [0mUser dummy logged in with token d1784f5959096af9289c85baf29f07f3d297a400bd9905001c1484f128902790
Oct  7 01:58:24.372[36m [INFO] [0mClient [::1]:50610 uid:3 accessing /dashboard
Oct  7 01:58:26.235[36m [INFO] [0mClient [::1]:50610 uid:3 accessing /dashboard/contests
Oct  7 01:58:36.196[36m [INFO] [0mClient [::1]:50610 uid:3 accessing /dashboard/manageUsers
Oct  7 01:58:36.197[31m [ERRO] [0muid:3 cannot access dashboard because insufficient privileges! Roles: {1 Contestant true false false}
Oct  7 01:59:13.049[36m [INFO] [0mClient [::1]:50610 uid:3 accessing /logout
Oct  7 01:59:13.050[36m [INFO] [0mRemoving token d1784f5959096af9289c85baf29f07f3d297a400bd9905001c1484f128902790 from logged user
Oct  7 01:59:13.067[36m [INFO] [0mClient [::1]:50610 uid:0 accessing /
