Oct  5 12:33:03.291[36m [INFO] [0mLog file will be printed on /Users/thiekus/projects/gargoyle-judge/lib/log/gymaster_12c0_05-10-2019_12-33-03.log
Oct  5 12:33:03.291[36m [INFO] [0mProgramDir: /Users/thiekus/projects/gargoyle-judge/lib
Oct  5 12:33:03.292[36m [INFO] [0mWorkDir: /Users/thiekus/projects/gargoyle-judge/lib
Oct  5 12:33:03.292[36m [INFO] [0mInitializing master server...
Oct  5 12:33:03.293[36m [INFO] [0mConfig data loaded...
Oct  5 12:33:03.293[36m [INFO] [0mTesting database connection...
Oct  5 12:33:03.293[36m [INFO] [0mDB Driver: mysql
Oct  5 12:33:03.293[36m [INFO] [0mPing test into selected database...
Oct  5 12:33:03.297[36m [INFO] [0mDB Connection OK!
Oct  5 12:33:03.299[36m [INFO] [0mRouters have been initialized...
Oct  5 12:33:03.299[36m [INFO] [0mServer will use plain HTTP
Oct  5 12:34:28.778[36m [INFO] [0mClient [::1]:57300 uid:0 accessing /
Oct  5 12:42:27.508[36m [INFO] [0mClient [::1]:57295 uid:0 accessing /dashboard/contests
Oct  5 12:42:27.518[36m [INFO] [0mClient [::1]:57295 uid:0 accessing /login?target=L2Rhc2hib2FyZC9jb250ZXN0cw==
Oct  5 12:42:27.539[36m [INFO] [0mClient [::1]:57295 uid:0 accessing /login?target=L2Rhc2hib2FyZC9jb250ZXN0cw==
Oct  5 12:42:29.200[36m [INFO] [0mClient [::1]:57295 uid:0 accessing /login
Oct  5 12:42:29.200[36m [INFO] [0mUser gyroot trying to login...
Oct  5 12:42:29.206[36m [INFO] [0mUser gyroot logged in with token 58895142291af54ed39d2c08e85e2f2ac791895e116538f35eed54c517fb3d82
Oct  5 12:42:29.217[36m [INFO] [0mClient [::1]:57295 uid:1 accessing /dashboard/contests
Oct  5 12:42:29.305[36m [INFO] [0mClient [::1]:57295 uid:1 accessing /avatar/RzoyZmMzYWZhMzkwNzYxYjBkYTQ0ZTkwZjExYTk5MTE1ZQ==
Oct  5 12:42:31.313[36m [INFO] [0mClient [::1]:57295 uid:1 accessing /dashboard/manageUsers
Oct  5 12:42:53.385[36m [INFO] [0mClient [::1]:57295 uid:1 accessing /dashboard/userAdd
Oct  5 12:42:56.623[36m [INFO] [0mClient [::1]:57295 uid:1 accessing /dashboard/manageUsers
Oct  5 12:47:42.254[36m [INFO] [0mClient [::1]:57295 uid:1 accessing /dashboard/scoreboard
Oct  5 12:47:43.760[36m [INFO] [0mClient [::1]:57295 uid:1 accessing /dashboard/scoreboard/1
Oct  5 12:47:43.783[36m [INFO] [0mClient [::1]:57295 uid:1 accessing /avatar/RzoxYWVkYjhkOWRjNDc1MWUyMjlhMzM1ZTM3MWRiODA1OA==
Oct  5 12:48:41.666[36m [INFO] [0mClient [::1]:57355 uid:0 accessing /
Oct  5 12:48:41.784[36m [INFO] [0mClient [::1]:57355 uid:0 accessing /assets/shared/fonts/fontawesome/css/all.min.css
Oct  5 12:48:41.791[36m [INFO] [0mClient [::1]:57356 uid:0 accessing /assets/frontpage/css/creative.min.css
Oct  5 12:48:41.792[36m [INFO] [0mClient [::1]:57358 uid:0 accessing /assets/shared/jquery/jquery-3.4.1.min.js
Oct  5 12:48:41.792[36m [INFO] [0mClient [::1]:57357 uid:0 accessing /assets/shared/overlay-scrollbars/css/OverlayScrollbars.min.css
Oct  5 12:48:41.792[36m [INFO] [0mClient [::1]:57360 uid:0 accessing /assets/frontpage/js/creative.js
Oct  5 12:48:41.792[36m [INFO] [0mClient [::1]:57359 uid:0 accessing /assets/shared/bootstrap/js/bootstrap.bundle.js
Oct  5 12:48:41.805[36m [INFO] [0mClient [::1]:57357 uid:0 accessing /assets/shared/overlay-scrollbars/js/OverlayScrollbars.min.js
Oct  5 12:48:41.993[36m [INFO] [0mClient [::1]:57359 uid:0 accessing /assets/frontpage/img/bg-masthead.jpg
Oct  5 12:48:46.871[36m [INFO] [0mClient [::1]:57359 uid:0 accessing /login
Oct  5 12:48:46.872[36m [INFO] [0mUser test trying to login...
Oct  5 12:48:46.877[36m [INFO] [0mUser test logged in with token 97159fca054613a211963cbd7de25485e2e0597d2521ec2b6854597b77a90d22
Oct  5 12:48:46.883[36m [INFO] [0mClient [::1]:57359 uid:2 accessing /dashboard
Oct  5 12:48:46.943[36m [INFO] [0mClient [::1]:57359 uid:2 accessing /assets/shared/bootstrap/css/bootstrap.min.css
Oct  5 12:48:46.960[36m [INFO] [0mClient [::1]:57357 uid:2 accessing /assets/dashboard/libs/css/gydash.css
Oct  5 12:48:46.960[36m [INFO] [0mClient [::1]:57356 uid:2 accessing /assets/dashboard/libs/css/style.css
Oct  5 12:48:46.963[36m [INFO] [0mClient [::1]:57359 uid:2 accessing /assets/dashboard/vendor/slimscroll/jquery.slimscroll.js
Oct  5 12:48:46.960[36m [INFO] [0mClient [::1]:57358 uid:2 accessing /assets/dashboard/vendor/fonts/circular-std/style.css
Oct  5 12:48:46.964[36m [INFO] [0mClient [::1]:57360 uid:2 accessing /avatar/RzoyZmMzYWZhMzkwNzYxYjBkYTQ0ZTkwZjExYTk5MTE1ZQ==
Oct  5 12:48:46.964[36m [INFO] [0mClient [::1]:57355 uid:2 accessing /avatar/RzoxYWVkYjhkOWRjNDc1MWUyMjlhMzM1ZTM3MWRiODA1OA==
Oct  5 12:48:46.974[36m [INFO] [0mClient [::1]:57357 uid:2 accessing /assets/dashboard/libs/js/main-js.js
Oct  5 12:48:46.987[36m [INFO] [0mClient [::1]:57359 uid:2 accessing /assets/dashboard/libs/js/gydash.js
Oct  5 12:48:46.988[36m [INFO] [0mClient [::1]:57357 uid:2 accessing /assets/shared/gargoyle/sound/ping.ogg
Oct  5 12:48:47.115[36m [INFO] [0mClient [::1]:57359 uid:2 accessing /assets/dashboard/vendor/fonts/circular-std/CircularStd-Book.woff
Oct  5 12:48:47.120[36m [INFO] [0mClient [::1]:57357 uid:2 accessing /assets/dashboard/vendor/fonts/circular-std/CircularStd-Medium.woff
Oct  5 12:48:47.120[36m [INFO] [0mClient [::1]:57359 uid:2 accessing /assets/shared/fonts/fontawesome/webfonts/fa-solid-900.woff2
Oct  5 12:48:47.353[36m [INFO] [0mClient [::1]:57359 uid:2 accessing /assets/shared/fonts/fontawesome/webfonts/fa-regular-400.woff2
Oct  5 12:48:48.305[36m [INFO] [0mClient [::1]:57359 uid:2 accessing /dashboard/contests
Oct  5 12:48:49.915[36m [INFO] [0mClient [::1]:57359 uid:2 accessing /dashboard/problemSet/1
Oct  5 12:48:50.991[36m [INFO] [0mClient [::1]:57359 uid:2 accessing /dashboard/problem/2
Oct  5 12:48:51.231[36m [INFO] [0mClient [::1]:57359 uid:2 accessing /assets/shared/ace/src-min-noconflict/ace.js
Oct  5 12:48:51.323[36m [INFO] [0mClient [::1]:57359 uid:2 accessing /assets/dashboard/images/down-arrow.png
Oct  5 12:48:51.465[36m [INFO] [0mClient [::1]:57359 uid:2 accessing /assets/shared/ace/src-min-noconflict/theme-monokai.js
Oct  5 12:48:51.469[36m [INFO] [0mClient [::1]:57359 uid:2 accessing /assets/shared/ace/src-min-noconflict/mode-c_cpp.js
Oct  5 12:48:54.434[36m [INFO] [0mClient [::1]:57359 uid:2 accessing /assets/shared/ace/src-min-noconflict/mode-java.js
Oct  5 12:48:57.477[36m [INFO] [0mClient [::1]:57359 uid:2 accessing /dashboard/userSubmissions
Oct  5 12:48:59.695[36m [INFO] [0mClient [::1]:57359 uid:2 accessing /dashboard/userViewSubmission/37
Oct  5 12:49:07.293[36m [INFO] [0mClient [::1]:57359 uid:2 accessing /dashboard/userSubmissions
Oct  5 12:49:07.618[36m [INFO] [0mClient [::1]:57359 uid:2 accessing /dashboard/problem/2
Oct  5 12:49:28.850[36m [INFO] [0mClient [::1]:57295 uid:1 accessing /dashboard/userSubmissions
Oct  5 12:49:32.328[36m [INFO] [0mClient [::1]:57295 uid:1 accessing /dashboard/userViewSubmission/23
Oct  5 12:49:43.239[36m [INFO] [0mClient [::1]:57359 uid:2 accessing /dashboard/problem
Oct  5 12:49:43.264[36m [INFO] [0mClient [::1]:57359 uid:2 accessing /dashboard/problemSet/1
Oct  5 12:49:44.523[36m [INFO] [0mSubmission [id:38, verdict:AC]: Accepted
Oct  5 12:49:52.108[36m [INFO] [0mClient [::1]:57359 uid:2 accessing /dashboard/userViewSubmission/38
Oct  5 12:49:54.299[36m [INFO] [0mClient [::1]:57359 uid:2 accessing /dashboard/scoreboard
Oct  5 12:49:55.410[36m [INFO] [0mClient [::1]:57359 uid:2 accessing /dashboard/scoreboard/1
Oct  5 12:49:55.645[36m [INFO] [0mClient [::1]:57359 uid:2 accessing /assets/shared/gargoyle/css/scoreboard.css
Oct  5 13:12:48.944[36m [INFO] [0mClient [::1]:57359 uid:2 accessing /dashboard/profile
Oct  5 13:12:50.252[36m [INFO] [0mClient [::1]:57359 uid:2 accessing /dashboard/scoreboard
Oct  5 13:12:51.627[36m [INFO] [0mClient [::1]:57359 uid:2 accessing /dashboard/scoreboard/1
Oct  5 13:12:54.941[36m [INFO] [0mClient [::1]:57359 uid:2 accessing /dashboard/userSubmissions
Oct  5 13:12:56.982[36m [INFO] [0mClient [::1]:57359 uid:2 accessing /dashboard/contests
Oct  5 13:12:58.450[36m [INFO] [0mClient [::1]:57359 uid:2 accessing /dashboard/userSubmissions
Oct  5 13:13:03.528[36m [INFO] [0mClient [::1]:57359 uid:2 accessing /dashboard/userViewSubmission/38
Oct  5 13:13:13.733[36m [INFO] [0mClient [::1]:57295 uid:1 accessing /dashboard/manageUsers
Oct  5 13:24:48.125[36m [INFO] [0mClient [::1]:57295 uid:1 accessing /dashboard
Oct  5 13:24:49.955[36m [INFO] [0mClient [::1]:57295 uid:1 accessing /dashboard/notifications
Oct  5 13:24:52.077[36m [INFO] [0mClient [::1]:57295 uid:1 accessing /dashboard/scoreboard
Oct  5 13:24:53.162[36m [INFO] [0mClient [::1]:57295 uid:1 accessing /dashboard/notifications
Oct  5 13:24:55.011[36m [INFO] [0mClient [::1]:57295 uid:1 accessing /dashboard/userViewSubmission/35
Oct  5 13:25:09.468[36m [INFO] [0mClient [::1]:57295 uid:1 accessing /dashboard
Oct  5 13:25:10.741[36m [INFO] [0mClient [::1]:57295 uid:1 accessing /dashboard/scoreboard
Oct  5 13:25:12.823[36m [INFO] [0mClient [::1]:57295 uid:1 accessing /dashboard/scoreboard/1
Oct  5 13:25:37.608[36m [INFO] [0mClient [::1]:57295 uid:1 accessing /dashboard
Oct  5 13:25:38.671[36m [INFO] [0mClient [::1]:57295 uid:1 accessing /dashboard/scoreboard
Oct  5 13:25:40.344[36m [INFO] [0mClient [::1]:57295 uid:1 accessing /dashboard/profile
Oct  5 13:25:41.710[36m [INFO] [0mClient [::1]:57295 uid:1 accessing /dashboard/notifications
Oct  5 13:25:42.980[36m [INFO] [0mClient [::1]:57295 uid:1 accessing /dashboard/settings
Oct  5 13:25:44.193[36m [INFO] [0mClient [::1]:57295 uid:1 accessing /dashboard/contests
Oct  5 13:25:45.244[36m [INFO] [0mClient [::1]:57295 uid:1 accessing /dashboard/userSubmissions
Oct  5 13:25:48.611[36m [INFO] [0mClient [::1]:57295 uid:1 accessing /dashboard/userViewSubmission/35
Oct  5 13:25:52.219[36m [INFO] [0mClient [::1]:57295 uid:1 accessing /dashboard
Oct  5 13:25:53.650[36m [INFO] [0mClient [::1]:57295 uid:1 accessing /dashboard/userSubmissions
