Oct  5 13:39:12.382[36m [INFO] [0mLog file will be printed on /Users/thiekus/projects/gargoyle-judge/lib/log/gymaster_13e6_05-10-2019_13-39-12.log
Oct  5 13:39:12.382[36m [INFO] [0mProgramDir: /Users/thiekus/projects/gargoyle-judge/lib
Oct  5 13:39:12.382[36m [INFO] [0mWorkDir: /Users/thiekus/projects/gargoyle-judge/lib
Oct  5 13:39:12.383[36m [INFO] [0mInitializing master server...
Oct  5 13:39:12.384[36m [INFO] [0mConfig data loaded...
Oct  5 13:39:12.384[36m [INFO] [0mTesting database connection...
Oct  5 13:39:12.384[36m [INFO] [0mDB Driver: mysql
Oct  5 13:39:12.385[36m [INFO] [0mPing test into selected database...
Oct  5 13:39:12.388[36m [INFO] [0mDB Connection OK!
Oct  5 13:39:12.389[36m [INFO] [0mRouters have been initialized...
Oct  5 13:39:12.390[36m [INFO] [0mServer will use plain HTTP
Oct  5 13:39:16.992[36m [INFO] [0mClient [::1]:57561 uid:0 accessing /dashboard/problemSet/1
Oct  5 13:39:17.007[36m [INFO] [0mClient [::1]:57561 uid:0 accessing /login?target=L2Rhc2hib2FyZC9wcm9ibGVtU2V0LzE=
Oct  5 13:39:27.419[36m [INFO] [0mClient [::1]:57561 uid:0 accessing /dashboard/userSubmissions
Oct  5 13:39:27.429[36m [INFO] [0mClient [::1]:57561 uid:0 accessing /login?target=L2Rhc2hib2FyZC91c2VyU3VibWlzc2lvbnM=
Oct  5 13:39:27.451[36m [INFO] [0mClient [::1]:57561 uid:0 accessing /login?target=L2Rhc2hib2FyZC91c2VyU3VibWlzc2lvbnM=
Oct  5 13:39:33.446[36m [INFO] [0mClient [::1]:57561 uid:0 accessing /login
Oct  5 13:39:33.446[36m [INFO] [0mUser gyroot trying to login...
Oct  5 13:39:33.452[36m [INFO] [0mUser gyroot logged in with token 0f4b7720a545d227c8987cbfce7c3baf1050580069539a9f91362a657c919d1a
Oct  5 13:39:33.466[36m [INFO] [0mClient [::1]:57561 uid:1 accessing /dashboard/userSubmissions
Oct  5 13:39:36.386[36m [INFO] [0mClient [::1]:57561 uid:1 accessing /dashboard/manageContests
Oct  5 13:40:12.177[36m [INFO] [0mClient [::1]:57561 uid:1 accessing /dashboard/userSubmissions
Oct  5 13:40:14.212[36m [INFO] [0mClient [::1]:57561 uid:1 accessing /dashboard/manageContests
Oct  5 13:40:17.472[36m [INFO] [0mClient [::1]:57561 uid:1 accessing /dashboard/userSubmissions
Oct  5 13:40:18.647[36m [INFO] [0mClient [::1]:57561 uid:1 accessing /dashboard/contests
Oct  5 13:40:20.612[36m [INFO] [0mClient [::1]:57561 uid:1 accessing /dashboard/manageUsers
Oct  5 13:40:26.367[36m [INFO] [0mClient [::1]:57561 uid:1 accessing /dashboard/manageContests
Oct  5 13:40:30.858[36m [INFO] [0mClient [::1]:57561 uid:1 accessing /dashboard/contests
Oct  5 13:40:31.712[36m [INFO] [0mClient [::1]:57561 uid:1 accessing /dashboard/userSubmissions
Oct  5 13:40:33.604[36m [INFO] [0mClient [::1]:57561 uid:1 accessing /dashboard/manageContests
