Oct  7 03:09:39.547[36m [INFO] [0mLog file will be printed on /Users/thiekus/projects/gargoyle-judge/lib/log/gymaster_224c_07-10-2019_03-09-39.log
Oct  7 03:09:39.547[36m [INFO] [0mProgramDir: /Users/thiekus/projects/gargoyle-judge/lib
Oct  7 03:09:39.547[36m [INFO] [0mWorkDir: /Users/thiekus/projects/gargoyle-judge/lib
Oct  7 03:09:39.547[36m [INFO] [0mInitializing master server...
Oct  7 03:09:39.548[36m [INFO] [0mConfig data loaded...
Oct  7 03:09:39.548[36m [INFO] [0mTesting database connection...
Oct  7 03:09:39.549[36m [INFO] [0mDB Driver: mysql
Oct  7 03:09:39.549[36m [INFO] [0mPing test into selected database...
Oct  7 03:09:39.552[36m [INFO] [0mDB Connection OK!
Oct  7 03:09:39.554[36m [INFO] [0mRouters have been initialized...
Oct  7 03:09:39.554[36m [INFO] [0mServer will use plain HTTP
Oct  7 03:09:42.885[36m [INFO] [0mClient [::1]:50923 uid:0 accessing /dashboard
Oct  7 03:09:42.910[36m [INFO] [0mClient [::1]:50923 uid:0 accessing /login?target=L2Rhc2hib2FyZA==
Oct  7 03:10:04.893[36m [INFO] [0mClient [::1]:50919 uid:0 accessing /dashboard
Oct  7 03:10:04.902[36m [INFO] [0mClient [::1]:50919 uid:0 accessing /login?target=L2Rhc2hib2FyZA==
Oct  7 03:10:09.091[36m [INFO] [0mClient [::1]:50919 uid:0 accessing /login
Oct  7 03:10:09.092[36m [INFO] [0mUser dummy trying to login...
Oct  7 03:10:09.095[31m [ERRO] [0m[dummy] Password error: password authentication for this username is invalid
Oct  7 03:10:09.095[31m [ERRO] [0m[dummy] UserLogin error: password authentication for this username is invalid
Oct  7 03:10:09.101[36m [INFO] [0mClient [::1]:50919 uid:0 accessing /login?target=L2Rhc2hib2FyZA==
Oct  7 03:10:33.372[36m [INFO] [0mClient [::1]:50953 uid:0 accessing /
Oct  7 03:10:33.484[36m [INFO] [0mClient [::1]:50953 uid:0 accessing /assets/shared/fonts/fontawesome/css/all.min.css
Oct  7 03:10:33.487[36m [INFO] [0mClient [::1]:50954 uid:0 accessing /assets/frontpage/css/creative.min.css
Oct  7 03:10:33.488[36m [INFO] [0mClient [::1]:50955 uid:0 accessing /assets/shared/overlay-scrollbars/css/OverlayScrollbars.min.css
Oct  7 03:10:33.488[36m [INFO] [0mClient [::1]:50956 uid:0 accessing /assets/shared/jquery/jquery-3.4.1.min.js
Oct  7 03:10:33.489[36m [INFO] [0mClient [::1]:50957 uid:0 accessing /assets/shared/bootstrap/js/bootstrap.bundle.js
Oct  7 03:10:33.490[36m [INFO] [0mClient [::1]:50958 uid:0 accessing /assets/frontpage/js/creative.js
Oct  7 03:10:33.508[36m [INFO] [0mClient [::1]:50955 uid:0 accessing /assets/shared/overlay-scrollbars/js/OverlayScrollbars.min.js
Oct  7 03:10:33.683[36m [INFO] [0mClient [::1]:50957 uid:0 accessing /assets/frontpage/img/bg-masthead.jpg
Oct  7 03:10:40.098[36m [INFO] [0mClient [::1]:50957 uid:0 accessing /login
Oct  7 03:10:40.098[36m [INFO] [0mUser dummy trying to login...
Oct  7 03:10:40.112[36m [INFO] [0mUser dummy logged in with token 72028d6e8e840cb1d73fcf8357d4378f84fdddba0f337129d8703f97c3158ff3
Oct  7 03:10:40.117[36m [INFO] [0mClient [::1]:50957 uid:3 accessing /dashboard
Oct  7 03:10:40.168[36m [INFO] [0mClient [::1]:50954 uid:3 accessing /assets/dashboard/libs/css/style.css
Oct  7 03:10:40.169[36m [INFO] [0mClient [::1]:50955 uid:3 accessing /assets/dashboard/vendor/fonts/circular-std/style.css
Oct  7 03:10:40.170[36m [INFO] [0mClient [::1]:50957 uid:3 accessing /assets/shared/bootstrap/css/bootstrap.min.css
Oct  7 03:10:40.183[36m [INFO] [0mClient [::1]:50955 uid:3 accessing /avatar/TToyNzU4NzZlMzRjZjYwOWRiMTE4ZjNkODRiNzk5YTc5MA==
Oct  7 03:10:40.190[36m [INFO] [0mClient [::1]:50958 uid:3 accessing /assets/dashboard/vendor/slimscroll/jquery.slimscroll.js
Oct  7 03:10:40.184[36m [INFO] [0mClient [::1]:50956 uid:3 accessing /assets/dashboard/libs/css/gydash.css
Oct  7 03:10:40.189[36m [INFO] [0mClient [::1]:50953 uid:3 accessing /assets/shared/datetimepicker/build/jquery.datetimepicker.min.css
Oct  7 03:10:40.233[36m [INFO] [0mClient [::1]:50953 uid:3 accessing /assets/dashboard/libs/js/main-js.js
Oct  7 03:10:40.262[36m [INFO] [0mClient [::1]:50953 uid:3 accessing /assets/dashboard/libs/js/gydash.js
Oct  7 03:10:40.276[36m [INFO] [0mClient [::1]:50955 uid:3 accessing /assets/shared/gargoyle/sound/ping.ogg
Oct  7 03:10:40.373[36m [INFO] [0mClient [::1]:50955 uid:3 accessing /assets/dashboard/vendor/fonts/circular-std/CircularStd-Book.woff
Oct  7 03:10:40.380[36m [INFO] [0mClient [::1]:50955 uid:3 accessing /assets/shared/fonts/fontawesome/webfonts/fa-solid-900.woff2
Oct  7 03:10:40.384[36m [INFO] [0mClient [::1]:50955 uid:3 accessing /assets/dashboard/vendor/fonts/circular-std/CircularStd-Medium.woff
Oct  7 03:10:40.593[36m [INFO] [0mClient [::1]:50955 uid:3 accessing /assets/shared/fonts/fontawesome/webfonts/fa-regular-400.woff2
