Oct  7 01:50:58.442[36m [INFO] [0mLog file will be printed on /Users/thiekus/projects/gargoyle-judge/lib/log/gymaster_1fe5_07-10-2019_01-50-58.log
Oct  7 01:50:58.442[36m [INFO] [0mProgramDir: /Users/thiekus/projects/gargoyle-judge/lib
Oct  7 01:50:58.442[36m [INFO] [0mWorkDir: /Users/thiekus/projects/gargoyle-judge/lib
Oct  7 01:50:58.442[36m [INFO] [0mInitializing master server...
Oct  7 01:50:58.443[36m [INFO] [0mConfig data loaded...
Oct  7 01:50:58.444[36m [INFO] [0mTesting database connection...
Oct  7 01:50:58.444[36m [INFO] [0mDB Driver: mysql
Oct  7 01:50:58.444[36m [INFO] [0mPing test into selected database...
Oct  7 01:50:58.447[36m [INFO] [0mDB Connection OK!
Oct  7 01:50:58.448[36m [INFO] [0mRouters have been initialized...
Oct  7 01:50:58.448[36m [INFO] [0mServer will use plain HTTP
Oct  7 01:51:03.805[36m [INFO] [0mClient [::1]:50586 uid:0 accessing /dashboard/manageContests
Oct  7 01:51:03.816[36m [INFO] [0mClient [::1]:50586 uid:0 accessing /login?target=L2Rhc2hib2FyZC9tYW5hZ2VDb250ZXN0cw==
Oct  7 01:51:08.465[36m [INFO] [0mClient [::1]:50586 uid:0 accessing /login
Oct  7 01:51:08.465[36m [INFO] [0mUser gyroot trying to login...
Oct  7 01:51:08.471[36m [INFO] [0mUser gyroot logged in with token 8c2ceb7f0746a48324f022fc4b5ab681ce09b7abd523378d3553acea547e91c5
Oct  7 01:51:08.484[36m [INFO] [0mClient [::1]:50586 uid:1 accessing /dashboard/manageContests
Oct  7 01:51:15.106[36m [INFO] [0mClient [::1]:50586 uid:1 accessing /dashboard/scoreboard
Oct  7 01:51:15.994[36m [INFO] [0mClient [::1]:50586 uid:1 accessing /dashboard/notifications
Oct  7 01:51:17.337[36m [INFO] [0mClient [::1]:50586 uid:1 accessing /dashboard/manageUsers
Oct  7 01:51:18.713[36m [INFO] [0mClient [::1]:50586 uid:1 accessing /dashboard/manageContests
Oct  7 01:51:19.543[36m [INFO] [0mClient [::1]:50586 uid:1 accessing /dashboard/settings
Oct  7 01:51:20.286[36m [INFO] [0mClient [::1]:50586 uid:1 accessing /dashboard/profile
Oct  7 01:51:21.797[36m [INFO] [0mClient [::1]:50586 uid:1 accessing /dashboard/manageContests
Oct  7 01:51:23.549[36m [INFO] [0mClient [::1]:50586 uid:1 accessing /dashboard
Oct  7 01:51:25.687[36m [INFO] [0mClient [::1]:50586 uid:1 accessing /logout
Oct  7 01:51:25.687[36m [INFO] [0mRemoving token 8c2ceb7f0746a48324f022fc4b5ab681ce09b7abd523378d3553acea547e91c5 from logged user
Oct  7 01:51:25.701[36m [INFO] [0mClient [::1]:50586 uid:0 accessing /
Oct  7 01:51:30.416[36m [INFO] [0mClient [::1]:50586 uid:0 accessing /login
Oct  7 01:51:30.416[36m [INFO] [0mUser dummy trying to login...
Oct  7 01:51:30.422[36m [INFO] [0mUser dummy logged in with token 8bae967bf041d80debed44de57a713bc8cab82ff732a98d569f462c9b46bf0ec
Oct  7 01:51:30.434[36m [INFO] [0mClient [::1]:50586 uid:3 accessing /dashboard
Oct  7 01:51:31.903[36m [INFO] [0mClient [::1]:50586 uid:3 accessing /dashboard/contests
Oct  7 01:51:31.903[31m [ERRO] [0muid:3 cannot access dashboard because insufficient privileges! Roles: {1 Contestant true false false}
Oct  7 01:51:36.259[36m [INFO] [0mClient [::1]:50586 uid:3 accessing /dashboard/scoreboard
Oct  7 01:51:36.259[31m [ERRO] [0muid:3 cannot access dashboard because insufficient privileges! Roles: {1 Contestant true false false}
