Oct  7 01:30:32.417[36m [INFO] [0mLog file will be printed on /Users/thiekus/projects/gargoyle-judge/lib/log/gymaster_1e80_07-10-2019_01-30-32.log
Oct  7 01:30:32.417[36m [INFO] [0mProgramDir: /Users/thiekus/projects/gargoyle-judge/lib
Oct  7 01:30:32.417[36m [INFO] [0mWorkDir: /Users/thiekus/projects/gargoyle-judge/lib
Oct  7 01:30:32.417[36m [INFO] [0mInitializing master server...
Oct  7 01:30:32.418[36m [INFO] [0mConfig data loaded...
Oct  7 01:30:32.418[36m [INFO] [0mTesting database connection...
Oct  7 01:30:32.419[36m [INFO] [0mDB Driver: mysql
Oct  7 01:30:32.419[36m [INFO] [0mPing test into selected database...
Oct  7 01:30:32.422[36m [INFO] [0mDB Connection OK!
Oct  7 01:30:32.423[36m [INFO] [0mRouters have been initialized...
Oct  7 01:30:32.423[36m [INFO] [0mServer will use plain HTTP
Oct  7 01:30:35.691[36m [INFO] [0mClient [::1]:50417 uid:0 accessing /dashboard/manageUsers
Oct  7 01:30:35.702[36m [INFO] [0mClient [::1]:50417 uid:0 accessing /login?target=L2Rhc2hib2FyZC9tYW5hZ2VVc2Vycw==
Oct  7 01:30:39.900[36m [INFO] [0mClient [::1]:50417 uid:0 accessing /login
Oct  7 01:30:39.900[36m [INFO] [0mUser gyroot trying to login...
Oct  7 01:30:39.906[36m [INFO] [0mUser gyroot logged in with token 4c9e63e4d9d6967dcf965fa3e15af06d8a54a1d734357ec116f65c465f0a9aef
Oct  7 01:30:39.923[36m [INFO] [0mClient [::1]:50417 uid:1 accessing /dashboard/manageUsers
Oct  7 01:30:43.292[36m [INFO] [0mClient [::1]:50417 uid:1 accessing /dashboard
Oct  7 01:30:44.454[36m [INFO] [0mClient [::1]:50417 uid:1 accessing /dashboard/scoreboard
Oct  7 01:30:44.454[31m [ERRO] [0muid:1 cannot access dashboard because insufficient privileges! Roles: {2 Administrator false true true}
