Oct  7 02:43:34.387[36m [INFO] [0mLog file will be printed on /Users/thiekus/projects/gargoyle-judge/lib/log/gymaster_20a0_07-10-2019_02-43-34.log
Oct  7 02:43:34.388[36m [INFO] [0mProgramDir: /Users/thiekus/projects/gargoyle-judge/lib
Oct  7 02:43:34.388[36m [INFO] [0mWorkDir: /Users/thiekus/projects/gargoyle-judge/lib
Oct  7 02:43:34.388[36m [INFO] [0mInitializing master server...
Oct  7 02:43:34.389[36m [INFO] [0mConfig data loaded...
Oct  7 02:43:34.389[36m [INFO] [0mTesting database connection...
Oct  7 02:43:34.389[36m [INFO] [0mDB Driver: mysql
Oct  7 02:43:34.389[36m [INFO] [0mPing test into selected database...
Oct  7 02:43:34.392[36m [INFO] [0mDB Connection OK!
Oct  7 02:43:34.393[36m [INFO] [0mRouters have been initialized...
Oct  7 02:43:34.393[36m [INFO] [0mServer will use plain HTTP
Oct  7 02:43:45.746[36m [INFO] [0mClient [::1]:50733 uid:0 accessing /login
Oct  7 02:43:45.746[36m [INFO] [0mUser gyroot trying to login...
Oct  7 02:43:45.769[31m [ERRO] [0m[gyroot] Login error: Error 1146: Table 'gargoyle.gy_tokens' doesn't exist
Oct  7 02:43:45.791[36m [INFO] [0mClient [::1]:50733 uid:0 accessing /login
Oct  7 02:45:18.307[36m [INFO] [0mClient [::1]:50733 uid:0 accessing /login
Oct  7 02:45:18.308[36m [INFO] [0mUser gyroot trying to login...
Oct  7 02:45:18.311[31m [ERRO] [0m[gyroot] Select error: sql: no rows in result set
Oct  7 02:45:18.312[31m [ERRO] [0m[gyroot] Login error: username invalid or not exists
Oct  7 02:45:18.326[36m [INFO] [0mClient [::1]:50733 uid:0 accessing /login
Oct  7 02:45:36.553[36m [INFO] [0mClient [::1]:50733 uid:0 accessing /login
Oct  7 02:45:36.553[36m [INFO] [0mUser gyroot trying to login...
Oct  7 02:45:36.556[31m [ERRO] [0m[gyroot] Select error: sql: no rows in result set
Oct  7 02:45:36.556[31m [ERRO] [0m[gyroot] Login error: username invalid or not exists
Oct  7 02:45:36.570[36m [INFO] [0mClient [::1]:50733 uid:0 accessing /login
