Oct  5 22:48:33.040[36m [INFO] [0mLog file will be printed on /Users/thiekus/projects/gargoyle-judge/lib/log/gymaster_4ac_05-10-2019_22-48-33.log
Oct  5 22:48:33.040[36m [INFO] [0mProgramDir: /Users/thiekus/projects/gargoyle-judge/lib
Oct  5 22:48:33.040[36m [INFO] [0mWorkDir: /Users/thiekus/projects/gargoyle-judge/lib
Oct  5 22:48:33.040[36m [INFO] [0mInitializing master server...
Oct  5 22:48:33.042[36m [INFO] [0mConfig data loaded...
Oct  5 22:48:33.043[36m [INFO] [0mTesting database connection...
Oct  5 22:48:33.043[36m [INFO] [0mDB Driver: mysql
Oct  5 22:48:33.044[36m [INFO] [0mPing test into selected database...
Oct  5 22:48:33.049[31m [ERRO] [0mPing error: dial tcp [::1]:3306: connect: connection refused
Oct  5 22:48:33.053[36m [INFO] [0mRouters have been initialized...
Oct  5 22:48:33.053[36m [INFO] [0mServer will use plain HTTP
Oct  6 00:46:05.026[36m [INFO] [0mClient [::1]:49496 uid:0 accessing /avatar/TTpjM2VjMGY3YjA1NGU3MjljNWE3MTZjODEyNTgzOTgyOQ==
Oct  6 00:46:19.466[36m [INFO] [0mClient [::1]:49496 uid:0 accessing /avatar/RzoxYWVkYjhkOWRjNDc1MWUyMjlhMzM1ZTM3MWRiODA1OA==
Oct  6 00:50:10.186[36m [INFO] [0mClient [::1]:49496 uid:0 accessing /dashboard/manageUsers
Oct  6 00:50:10.203[36m [INFO] [0mClient [::1]:49496 uid:0 accessing /login?target=L2Rhc2hib2FyZC9tYW5hZ2VVc2Vycw==
Oct  6 00:50:10.224[36m [INFO] [0mClient [::1]:49496 uid:0 accessing /login?target=L2Rhc2hib2FyZC9tYW5hZ2VVc2Vycw==
Oct  6 00:50:11.956[36m [INFO] [0mClient [::1]:49496 uid:0 accessing /login
Oct  6 00:50:11.956[36m [INFO] [0mUser gyroot trying to login...
Oct  6 00:50:11.973[36m [INFO] [0mUser gyroot logged in with token 13173a98c5f05baaa45405912028560c450848c2e5b1dbe3337bc0f1828acdce
Oct  6 00:50:11.986[36m [INFO] [0mClient [::1]:49496 uid:1 accessing /dashboard/manageUsers
Oct  6 00:50:12.108[36m [INFO] [0mClient [::1]:49496 uid:1 accessing /avatar/RzoyZmMzYWZhMzkwNzYxYjBkYTQ0ZTkwZjExYTk5MTE1ZQ==
Oct  6 00:50:12.137[36m [INFO] [0mClient [::1]:49804 uid:1 accessing /assets/dashboard/libs/js/gydash.js
Oct  6 00:50:43.697[36m [INFO] [0mClient [::1]:49496 uid:1 accessing /dashboard/userEdit/2
Oct  6 00:50:48.863[36m [INFO] [0mClient [::1]:49496 uid:1 accessing /dashboard/manageUsers
Oct  6 00:50:50.848[36m [INFO] [0mClient [::1]:49496 uid:1 accessing /dashboard/userEdit/15
Oct  6 00:51:02.199[36m [INFO] [0mClient [::1]:49496 uid:1 accessing /dashboard/manageUsers
Oct  6 00:51:27.005[36m [INFO] [0mClient [::1]:49496 uid:1 accessing /dashboard/userEdit/1
Oct  6 00:51:30.079[36m [INFO] [0mClient [::1]:49496 uid:1 accessing /dashboard/manageUsers
Oct  6 00:55:03.351[36m [INFO] [0mClient [::1]:49496 uid:1 accessing /dashboard/userEdit/21
Oct  6 00:55:07.638[36m [INFO] [0mClient [::1]:49496 uid:1 accessing /dashboard/manageUsers
Oct  6 00:55:32.657[36m [INFO] [0mClient [::1]:49496 uid:1 accessing /dashboard/contests
Oct  6 00:55:37.546[36m [INFO] [0mClient [::1]:49496 uid:1 accessing /dashboard/manageUsers
Oct  6 00:55:43.678[36m [INFO] [0mClient [::1]:49496 uid:1 accessing /dashboard/userAdd
Oct  6 00:55:46.036[36m [INFO] [0mClient [::1]:49496 uid:1 accessing /dashboard/manageUsers
Oct  6 00:56:56.193[36m [INFO] [0mClient [::1]:49496 uid:1 accessing /dashboard/manageContests
Oct  6 01:32:44.291[36m [INFO] [0mClient [::1]:49496 uid:1 accessing /dashboard/contests
Oct  6 01:32:55.163[36m [INFO] [0mClient [::1]:49496 uid:1 accessing /dashboard/manageContests
