Oct  6 02:23:21.523[36m [INFO] [0mLog file will be printed on /Users/thiekus/projects/gargoyle-judge/lib/log/gymaster_853_06-10-2019_02-23-21.log
Oct  6 02:23:21.523[36m [INFO] [0mProgramDir: /Users/thiekus/projects/gargoyle-judge/lib
Oct  6 02:23:21.523[36m [INFO] [0mWorkDir: /Users/thiekus/projects/gargoyle-judge/lib
Oct  6 02:23:21.524[36m [INFO] [0mInitializing master server...
Oct  6 02:23:21.525[36m [INFO] [0mConfig data loaded...
Oct  6 02:23:21.525[36m [INFO] [0mTesting database connection...
Oct  6 02:23:21.525[36m [INFO] [0mDB Driver: mysql
Oct  6 02:23:21.525[36m [INFO] [0mPing test into selected database...
Oct  6 02:23:21.528[36m [INFO] [0mDB Connection OK!
Oct  6 02:23:21.529[36m [INFO] [0mRouters have been initialized...
Oct  6 02:23:21.529[36m [INFO] [0mServer will use plain HTTP
Oct  6 02:23:29.723[36m [INFO] [0mClient [::1]:50114 uid:0 accessing /dashboard/manageContests
Oct  6 02:23:29.739[36m [INFO] [0mClient [::1]:50114 uid:0 accessing /login?target=L2Rhc2hib2FyZC9tYW5hZ2VDb250ZXN0cw==
Oct  6 02:23:30.132[36m [INFO] [0mClient [::1]:50114 uid:0 accessing /favicon.ico
Oct  6 02:23:31.454[36m [INFO] [0mClient [::1]:50114 uid:0 accessing /login
Oct  6 02:23:31.454[36m [INFO] [0mUser gyroot trying to login...
Oct  6 02:23:31.461[36m [INFO] [0mUser gyroot logged in with token d94c1877e6251645f194ff007720f8b6b2be814e396c567fa0e8872e205917a7
Oct  6 02:23:31.473[36m [INFO] [0mClient [::1]:50114 uid:1 accessing /dashboard/manageContests
Oct  6 02:23:31.581[36m [INFO] [0mClient [::1]:50114 uid:1 accessing /avatar/RzoyZmMzYWZhMzkwNzYxYjBkYTQ0ZTkwZjExYTk5MTE1ZQ==
Oct  6 02:23:35.062[36m [INFO] [0mClient [::1]:50114 uid:1 accessing /dashboard/contestAdd
Oct  6 02:23:35.073[31m [ERRO] [0mtemplate: dashboard_contestadd.html:50:48: executing "dashboard_contestadd.html" at <.PageData.CountryList>: can't evaluate field CountryList in type interface {}
Oct  6 02:24:04.239[36m [INFO] [0mClient [::1]:50114 uid:1 accessing /dashboard/manageContests
Oct  6 02:24:04.745[36m [INFO] [0mClient [::1]:50114 uid:1 accessing /favicon.ico
Oct  6 02:24:06.589[36m [INFO] [0mClient [::1]:50114 uid:1 accessing /dashboard/contestAdd
Oct  6 02:30:17.871[36m [INFO] [0mClient [::1]:50114 uid:1 accessing /dashboard/contestAdd
Oct  6 02:30:17.947[36m [INFO] [0mClient [::1]:50114 uid:1 accessing /assets/shared/tinymce/tinymce.min.js
Oct  6 02:30:18.418[36m [INFO] [0mClient [::1]:50114 uid:1 accessing /assets/shared/tinymce/themes/silver/theme.min.js
Oct  6 02:30:18.686[36m [INFO] [0mClient [::1]:50114 uid:1 accessing /assets/shared/tinymce/skins/ui/oxide/skin.min.css
Oct  6 02:30:18.750[36m [INFO] [0mClient [::1]:50114 uid:1 accessing /assets/shared/tinymce/skins/ui/oxide/content.min.css
Oct  6 02:30:18.751[36m [INFO] [0mClient [::1]:50183 uid:1 accessing /assets/shared/tinymce/skins/content/default/content.min.css
Oct  6 02:30:19.086[36m [INFO] [0mClient [::1]:50114 uid:1 accessing /favicon.ico
Oct  6 02:32:00.398[36m [INFO] [0mClient [::1]:50114 uid:1 accessing /dashboard/contestAdd
Oct  6 02:32:01.512[36m [INFO] [0mClient [::1]:50114 uid:1 accessing /favicon.ico
Oct  6 02:36:16.018[36m [INFO] [0mClient [::1]:50114 uid:1 accessing /dashboard/contestAdd
Oct  6 02:36:17.084[36m [INFO] [0mClient [::1]:50114 uid:1 accessing /favicon.ico
Oct  6 02:41:02.853[36m [INFO] [0mClient [::1]:50114 uid:1 accessing /dashboard/contestAdd
Oct  6 02:41:03.519[36m [INFO] [0mClient [::1]:50265 uid:1 accessing /assets/shared/tinymce/plugins/preview/plugin.min.js
Oct  6 02:41:03.522[36m [INFO] [0mClient [::1]:50114 uid:1 accessing /assets/shared/tinymce/plugins/print/plugin.min.js
Oct  6 02:41:03.544[36m [INFO] [0mClient [::1]:50114 uid:1 accessing /assets/shared/tinymce/plugins/fullpage/plugin.min.js
Oct  6 02:41:03.553[36m [INFO] [0mClient [::1]:50114 uid:1 accessing /assets/shared/tinymce/plugins/paste/plugin.min.js
Oct  6 02:41:03.560[36m [INFO] [0mClient [::1]:50114 uid:1 accessing /assets/shared/tinymce/plugins/importcss/plugin.min.js
Oct  6 02:41:03.561[36m [INFO] [0mClient [::1]:50265 uid:1 accessing /assets/shared/tinymce/plugins/searchreplace/plugin.min.js
Oct  6 02:41:03.571[36m [INFO] [0mClient [::1]:50265 uid:1 accessing /assets/shared/tinymce/plugins/autolink/plugin.min.js
Oct  6 02:41:03.575[36m [INFO] [0mClient [::1]:50265 uid:1 accessing /assets/shared/tinymce/plugins/autosave/plugin.min.js
Oct  6 02:41:03.584[36m [INFO] [0mClient [::1]:50265 uid:1 accessing /assets/shared/tinymce/plugins/save/plugin.min.js
Oct  6 02:41:03.588[36m [INFO] [0mClient [::1]:50114 uid:1 accessing /assets/shared/tinymce/plugins/directionality/plugin.min.js
Oct  6 02:41:03.600[36m [INFO] [0mClient [::1]:50114 uid:1 accessing /assets/shared/tinymce/plugins/code/plugin.min.js
Oct  6 02:41:03.603[36m [INFO] [0mClient [::1]:50114 uid:1 accessing /assets/shared/tinymce/plugins/visualblocks/plugin.min.js
Oct  6 02:41:03.607[36m [INFO] [0mClient [::1]:50114 uid:1 accessing /assets/shared/tinymce/plugins/visualchars/plugin.min.js
Oct  6 02:41:03.617[36m [INFO] [0mClient [::1]:50114 uid:1 accessing /assets/shared/tinymce/plugins/fullscreen/plugin.min.js
Oct  6 02:41:03.621[36m [INFO] [0mClient [::1]:50114 uid:1 accessing /assets/shared/tinymce/plugins/image/plugin.min.js
Oct  6 02:41:03.626[36m [INFO] [0mClient [::1]:50265 uid:1 accessing /assets/shared/tinymce/plugins/link/plugin.min.js
Oct  6 02:41:03.634[36m [INFO] [0mClient [::1]:50265 uid:1 accessing /assets/shared/tinymce/plugins/media/plugin.min.js
Oct  6 02:41:03.641[36m [INFO] [0mClient [::1]:50265 uid:1 accessing /assets/shared/tinymce/plugins/template/plugin.min.js
Oct  6 02:41:03.650[36m [INFO] [0mClient [::1]:50265 uid:1 accessing /assets/shared/tinymce/plugins/codesample/plugin.min.js
Oct  6 02:41:03.660[36m [INFO] [0mClient [::1]:50265 uid:1 accessing /assets/shared/tinymce/plugins/table/plugin.min.js
Oct  6 02:41:03.662[36m [INFO] [0mClient [::1]:50114 uid:1 accessing /assets/shared/tinymce/plugins/charmap/plugin.min.js
Oct  6 02:41:03.665[36m [INFO] [0mClient [::1]:50266 uid:1 accessing /assets/shared/tinymce/plugins/hr/plugin.min.js
Oct  6 02:41:03.677[36m [INFO] [0mClient [::1]:50265 uid:1 accessing /assets/shared/tinymce/plugins/pagebreak/plugin.min.js
Oct  6 02:41:03.680[36m [INFO] [0mClient [::1]:50265 uid:1 accessing /assets/shared/tinymce/plugins/nonbreaking/plugin.min.js
Oct  6 02:41:03.687[36m [INFO] [0mClient [::1]:50265 uid:1 accessing /assets/shared/tinymce/plugins/anchor/plugin.min.js
Oct  6 02:41:03.692[36m [INFO] [0mClient [::1]:50114 uid:1 accessing /assets/shared/tinymce/plugins/toc/plugin.min.js
Oct  6 02:41:03.705[36m [INFO] [0mClient [::1]:50114 uid:1 accessing /assets/shared/tinymce/plugins/insertdatetime/plugin.min.js
Oct  6 02:41:03.705[36m [INFO] [0mClient [::1]:50265 uid:1 accessing /assets/shared/tinymce/plugins/advlist/plugin.min.js
Oct  6 02:41:03.709[36m [INFO] [0mClient [::1]:50266 uid:1 accessing /assets/shared/tinymce/plugins/lists/plugin.min.js
Oct  6 02:41:03.720[36m [INFO] [0mClient [::1]:50268 uid:1 accessing /assets/shared/tinymce/plugins/imagetools/plugin.min.js
Oct  6 02:41:03.718[36m [INFO] [0mClient [::1]:50267 uid:1 accessing /assets/shared/tinymce/plugins/wordcount/plugin.min.js
Oct  6 02:41:03.735[36m [INFO] [0mClient [::1]:50114 uid:1 accessing /assets/shared/tinymce/plugins/textpattern/plugin.min.js
Oct  6 02:41:03.739[36m [INFO] [0mClient [::1]:50267 uid:1 accessing /assets/shared/tinymce/plugins/noneditable/plugin.min.js
Oct  6 02:41:03.746[36m [INFO] [0mClient [::1]:50267 uid:1 accessing /assets/shared/tinymce/plugins/help/plugin.min.js
Oct  6 02:41:03.755[36m [INFO] [0mClient [::1]:50114 uid:1 accessing /assets/shared/tinymce/plugins/quickbars/plugin.min.js
Oct  6 02:41:03.761[36m [INFO] [0mClient [::1]:50114 uid:1 accessing /assets/shared/tinymce/plugins/emoticons/plugin.min.js
Oct  6 02:41:04.185[36m [INFO] [0mClient [::1]:50114 uid:1 accessing /assets/shared/tinymce/plugins/emoticons/js/emojis.min.js
Oct  6 02:41:04.439[36m [INFO] [0mClient [::1]:50114 uid:1 accessing /favicon.ico
Oct  6 02:44:27.741[36m [INFO] [0mClient [::1]:50114 uid:1 accessing /dashboard/contestAdd
Oct  6 02:44:29.048[36m [INFO] [0mClient [::1]:50114 uid:1 accessing /favicon.ico
Oct  6 02:47:43.566[36m [INFO] [0mClient [::1]:50114 uid:1 accessing /assets/shared/bootstrap/js/bootstrap.bundle.js.map
Oct  6 02:47:43.611[36m [INFO] [0mClient [::1]:50114 uid:1 accessing /assets/shared/bootstrap/css/bootstrap.min.css.map
Oct  6 02:56:01.200[36m [INFO] [0mClient [::1]:50114 uid:1 accessing /about
Oct  6 02:56:06.246[36m [INFO] [0mClient [::1]:50114 uid:1 accessing /about
Oct  6 03:07:57.119[36m [INFO] [0mClient [::1]:50114 uid:1 accessing /dashboard/contestAdd
Oct  6 03:07:57.201[36m [INFO] [0mClient [::1]:50114 uid:1 accessing /assets/shared/datetimepicker/build/jquery.datetimepicker.full.js
Oct  6 03:07:58.382[36m [INFO] [0mClient [::1]:50114 uid:1 accessing /favicon.ico
Oct  6 03:08:05.663[36m [INFO] [0mClient [::1]:50114 uid:1 accessing /assets/shared/bootstrap/js/bootstrap.bundle.js.map
Oct  6 03:08:05.706[36m [INFO] [0mClient [::1]:50114 uid:1 accessing /assets/shared/bootstrap/css/bootstrap.min.css.map
Oct  6 03:08:29.364[36m [INFO] [0mClient [::1]:50114 uid:1 accessing /dashboard/contestAdd
Oct  6 03:08:30.863[36m [INFO] [0mClient [::1]:50114 uid:1 accessing /favicon.ico
Oct  6 03:08:52.036[36m [INFO] [0mClient [::1]:50114 uid:1 accessing /dashboard/contestAdd
Oct  6 03:08:53.291[36m [INFO] [0mClient [::1]:50114 uid:1 accessing /favicon.ico
Oct  6 03:09:06.832[36m [INFO] [0mClient [::1]:50114 uid:1 accessing /dashboard/contestAdd
Oct  6 03:09:08.195[36m [INFO] [0mClient [::1]:50114 uid:1 accessing /favicon.ico
Oct  6 03:09:10.598[36m [INFO] [0mClient [::1]:50114 uid:1 accessing /assets/shared/bootstrap/js/bootstrap.bundle.js.map
Oct  6 03:09:10.711[36m [INFO] [0mClient [::1]:50114 uid:1 accessing /assets/shared/bootstrap/css/bootstrap.min.css.map
Oct  6 03:09:48.844[36m [INFO] [0mClient [::1]:50114 uid:1 accessing /dashboard/contestAdd
Oct  6 03:09:50.204[36m [INFO] [0mClient [::1]:50114 uid:1 accessing /favicon.ico
Oct  6 03:12:50.757[36m [INFO] [0mClient [::1]:50114 uid:1 accessing /dashboard/contestAdd
Oct  6 03:12:50.836[36m [INFO] [0mClient [::1]:50114 uid:1 accessing /assets/shared/datetimepicker/build/jquery.datetimepicker.css
Oct  6 03:12:52.184[36m [INFO] [0mClient [::1]:50114 uid:1 accessing /favicon.ico
Oct  6 03:13:00.622[36m [INFO] [0mClient [::1]:50114 uid:1 accessing /assets/shared/datetimepicker/build/jquery.datetimepicker.css
Oct  6 03:13:00.719[36m [INFO] [0mClient [::1]:50114 uid:1 accessing /assets/shared/bootstrap/js/bootstrap.bundle.js.map
Oct  6 03:13:00.775[36m [INFO] [0mClient [::1]:50114 uid:1 accessing /assets/shared/bootstrap/css/bootstrap.min.css.map
Oct  6 03:13:16.245[36m [INFO] [0mClient [::1]:50114 uid:1 accessing /assets/shared/datetimepicker/build/jquery.datetimepicker.css
Oct  6 03:13:37.742[36m [INFO] [0mClient [::1]:50114 uid:1 accessing /assets/shared/datetimepicker/build/jquery.datetimepicker.css
Oct  6 03:13:37.854[36m [INFO] [0mClient [::1]:50114 uid:1 accessing /favicon.ico
Oct  6 03:13:42.583[36m [INFO] [0mClient [::1]:50114 uid:1 accessing /assets/shared/datetimepicker/build/jquery.datetimepicker.min.css
Oct  6 03:13:46.259[36m [INFO] [0mClient [::1]:50114 uid:1 accessing /dashboard/contestAdd
Oct  6 03:13:46.354[36m [INFO] [0mClient [::1]:50114 uid:1 accessing /assets/shared/bootstrap/css/bootstrap.min.css
Oct  6 03:13:46.355[36m [INFO] [0mClient [::1]:50870 uid:1 accessing /assets/dashboard/vendor/fonts/circular-std/style.css
Oct  6 03:13:46.360[36m [INFO] [0mClient [::1]:50904 uid:1 accessing /assets/shared/fonts/fontawesome/css/all.min.css
Oct  6 03:13:46.362[36m [INFO] [0mClient [::1]:50903 uid:1 accessing /assets/dashboard/libs/css/style.css
Oct  6 03:13:46.366[36m [INFO] [0mClient [::1]:50905 uid:1 accessing /assets/shared/overlay-scrollbars/css/OverlayScrollbars.min.css
Oct  6 03:13:46.371[36m [INFO] [0mClient [::1]:50906 uid:1 accessing /assets/dashboard/libs/css/gydash.css
Oct  6 03:13:46.376[36m [INFO] [0mClient [::1]:50870 uid:1 accessing /assets/shared/datetimepicker/build/jquery.datetimepicker.min.css
Oct  6 03:13:46.381[36m [INFO] [0mClient [::1]:50905 uid:1 accessing /assets/shared/jquery/jquery-3.4.1.min.js
Oct  6 03:13:46.389[36m [INFO] [0mClient [::1]:50114 uid:1 accessing /assets/shared/datetimepicker/build/jquery.datetimepicker.full.js
Oct  6 03:13:46.393[36m [INFO] [0mClient [::1]:50870 uid:1 accessing /avatar/RzoyZmMzYWZhMzkwNzYxYjBkYTQ0ZTkwZjExYTk5MTE1ZQ==
Oct  6 03:13:46.568[36m [INFO] [0mClient [::1]:50905 uid:1 accessing /assets/shared/tinymce/tinymce.min.js
Oct  6 03:13:46.577[36m [INFO] [0mClient [::1]:50903 uid:1 accessing /assets/shared/bootstrap/js/bootstrap.bundle.js
Oct  6 03:13:46.578[36m [INFO] [0mClient [::1]:50906 uid:1 accessing /assets/dashboard/vendor/slimscroll/jquery.slimscroll.js
Oct  6 03:13:46.587[36m [INFO] [0mClient [::1]:50904 uid:1 accessing /assets/dashboard/libs/js/main-js.js
Oct  6 03:13:46.718[36m [INFO] [0mClient [::1]:50114 uid:1 accessing /assets/shared/overlay-scrollbars/js/OverlayScrollbars.min.js
Oct  6 03:13:46.720[36m [INFO] [0mClient [::1]:50906 uid:1 accessing /assets/dashboard/libs/js/gydash.js
Oct  6 03:13:46.753[36m [INFO] [0mClient [::1]:50905 uid:1 accessing /assets/dashboard/images/down-arrow.png
Oct  6 03:13:46.762[36m [INFO] [0mClient [::1]:50905 uid:1 accessing /assets/dashboard/vendor/fonts/circular-std/CircularStd-Book.woff
Oct  6 03:13:46.763[36m [INFO] [0mClient [::1]:50903 uid:1 accessing /assets/dashboard/vendor/fonts/circular-std/CircularStd-Medium.woff
Oct  6 03:13:46.763[36m [INFO] [0mClient [::1]:50114 uid:1 accessing /assets/shared/fonts/fontawesome/webfonts/fa-solid-900.woff2
Oct  6 03:13:46.864[36m [INFO] [0mClient [::1]:50870 uid:1 accessing /assets/shared/bootstrap/css/bootstrap.min.css.map
Oct  6 03:13:46.897[36m [INFO] [0mClient [::1]:50870 uid:1 accessing /assets/shared/gargoyle/sound/ping.ogg
Oct  6 03:13:47.090[36m [INFO] [0mClient [::1]:50870 uid:1 accessing /assets/shared/bootstrap/js/bootstrap.bundle.js.map
Oct  6 03:13:47.440[36m [INFO] [0mClient [::1]:50870 uid:1 accessing /assets/shared/tinymce/themes/silver/theme.min.js
Oct  6 03:13:47.831[36m [INFO] [0mClient [::1]:50870 uid:1 accessing /assets/shared/tinymce/plugins/print/plugin.min.js
Oct  6 03:13:47.839[36m [INFO] [0mClient [::1]:50870 uid:1 accessing /assets/shared/tinymce/plugins/preview/plugin.min.js
Oct  6 03:13:47.856[36m [INFO] [0mClient [::1]:50870 uid:1 accessing /assets/shared/tinymce/plugins/paste/plugin.min.js
Oct  6 03:13:47.867[36m [INFO] [0mClient [::1]:50870 uid:1 accessing /assets/shared/tinymce/plugins/importcss/plugin.min.js
Oct  6 03:13:47.870[36m [INFO] [0mClient [::1]:50870 uid:1 accessing /assets/shared/tinymce/plugins/searchreplace/plugin.min.js
Oct  6 03:13:47.879[36m [INFO] [0mClient [::1]:50870 uid:1 accessing /assets/shared/tinymce/plugins/autolink/plugin.min.js
Oct  6 03:13:47.886[36m [INFO] [0mClient [::1]:50870 uid:1 accessing /assets/shared/tinymce/plugins/autosave/plugin.min.js
Oct  6 03:13:47.899[36m [INFO] [0mClient [::1]:50870 uid:1 accessing /assets/shared/tinymce/plugins/save/plugin.min.js
Oct  6 03:13:47.899[36m [INFO] [0mClient [::1]:50905 uid:1 accessing /assets/shared/tinymce/plugins/directionality/plugin.min.js
Oct  6 03:13:47.904[36m [INFO] [0mClient [::1]:50870 uid:1 accessing /assets/shared/tinymce/plugins/code/plugin.min.js
Oct  6 03:13:47.904[36m [INFO] [0mClient [::1]:50114 uid:1 accessing /assets/shared/tinymce/plugins/visualblocks/plugin.min.js
Oct  6 03:13:47.914[36m [INFO] [0mClient [::1]:50903 uid:1 accessing /assets/shared/tinymce/plugins/visualchars/plugin.min.js
Oct  6 03:13:47.918[36m [INFO] [0mClient [::1]:50906 uid:1 accessing /assets/shared/tinymce/plugins/fullscreen/plugin.min.js
Oct  6 03:13:47.919[36m [INFO] [0mClient [::1]:50904 uid:1 accessing /assets/shared/tinymce/plugins/image/plugin.min.js
Oct  6 03:13:48.162[36m [INFO] [0mClient [::1]:50904 uid:1 accessing /assets/shared/tinymce/plugins/link/plugin.min.js
Oct  6 03:13:48.162[36m [INFO] [0mClient [::1]:50906 uid:1 accessing /assets/shared/tinymce/plugins/media/plugin.min.js
Oct  6 03:13:48.163[36m [INFO] [0mClient [::1]:50114 uid:1 accessing /assets/shared/tinymce/plugins/template/plugin.min.js
Oct  6 03:13:48.164[36m [INFO] [0mClient [::1]:50903 uid:1 accessing /assets/shared/tinymce/plugins/codesample/plugin.min.js
Oct  6 03:13:48.165[36m [INFO] [0mClient [::1]:50905 uid:1 accessing /assets/shared/tinymce/plugins/table/plugin.min.js
Oct  6 03:13:48.171[36m [INFO] [0mClient [::1]:50870 uid:1 accessing /assets/shared/tinymce/plugins/charmap/plugin.min.js
Oct  6 03:13:48.175[36m [INFO] [0mClient [::1]:50906 uid:1 accessing /assets/shared/tinymce/plugins/hr/plugin.min.js
Oct  6 03:13:48.175[36m [INFO] [0mClient [::1]:50904 uid:1 accessing /assets/shared/tinymce/plugins/pagebreak/plugin.min.js
Oct  6 03:13:48.176[36m [INFO] [0mClient [::1]:50114 uid:1 accessing /assets/shared/tinymce/plugins/nonbreaking/plugin.min.js
Oct  6 03:13:48.287[36m [INFO] [0mClient [::1]:50903 uid:1 accessing /assets/shared/tinymce/plugins/anchor/plugin.min.js
Oct  6 03:13:48.291[36m [INFO] [0mClient [::1]:50905 uid:1 accessing /assets/shared/tinymce/plugins/toc/plugin.min.js
Oct  6 03:13:48.291[36m [INFO] [0mClient [::1]:50870 uid:1 accessing /assets/shared/tinymce/plugins/insertdatetime/plugin.min.js
Oct  6 03:13:48.297[36m [INFO] [0mClient [::1]:50903 uid:1 accessing /assets/shared/tinymce/plugins/advlist/plugin.min.js
Oct  6 03:13:48.297[36m [INFO] [0mClient [::1]:50904 uid:1 accessing /assets/shared/tinymce/plugins/lists/plugin.min.js
Oct  6 03:13:48.299[36m [INFO] [0mClient [::1]:50905 uid:1 accessing /assets/shared/tinymce/plugins/wordcount/plugin.min.js
Oct  6 03:13:48.307[36m [INFO] [0mClient [::1]:50903 uid:1 accessing /assets/shared/tinymce/plugins/imagetools/plugin.min.js
Oct  6 03:13:48.309[36m [INFO] [0mClient [::1]:50870 uid:1 accessing /assets/shared/tinymce/plugins/textpattern/plugin.min.js
Oct  6 03:13:48.310[36m [INFO] [0mClient [::1]:50905 uid:1 accessing /assets/shared/tinymce/plugins/noneditable/plugin.min.js
Oct  6 03:13:48.313[36m [INFO] [0mClient [::1]:50904 uid:1 accessing /assets/shared/tinymce/plugins/help/plugin.min.js
Oct  6 03:13:48.316[36m [INFO] [0mClient [::1]:50903 uid:1 accessing /assets/shared/tinymce/plugins/quickbars/plugin.min.js
Oct  6 03:13:48.316[36m [INFO] [0mClient [::1]:50114 uid:1 accessing /assets/shared/tinymce/plugins/emoticons/plugin.min.js
Oct  6 03:13:48.613[36m [INFO] [0mClient [::1]:50903 uid:1 accessing /assets/shared/tinymce/skins/ui/oxide/skin.min.css
Oct  6 03:13:48.758[36m [INFO] [0mClient [::1]:50903 uid:1 accessing /assets/shared/tinymce/skins/ui/oxide/content.min.css
Oct  6 03:13:48.758[36m [INFO] [0mClient [::1]:50904 uid:1 accessing /assets/shared/tinymce/skins/content/default/content.min.css
Oct  6 03:13:48.903[36m [INFO] [0mClient [::1]:50903 uid:1 accessing /assets/shared/fonts/fontawesome/webfonts/fa-regular-400.woff2
Oct  6 03:13:49.220[36m [INFO] [0mClient [::1]:50903 uid:1 accessing /favicon.ico
Oct  6 03:31:15.885[36m [INFO] [0mClient [::1]:50903 uid:1 accessing /dashboard/contestAdd
Oct  6 03:31:17.533[36m [INFO] [0mClient [::1]:50903 uid:1 accessing /favicon.ico
Oct  6 03:32:39.098[36m [INFO] [0mClient [::1]:50903 uid:1 accessing /dashboard/manageContests
Oct  6 03:32:41.076[36m [INFO] [0mClient [::1]:50903 uid:1 accessing /dashboard/contestAdd
Oct  6 03:36:14.787[36m [INFO] [0mClient [::1]:50903 uid:1 accessing /dashboard/contestAdd
Oct  6 03:36:16.180[36m [INFO] [0mClient [::1]:50903 uid:1 accessing /favicon.ico
Oct  6 03:39:30.896[36m [INFO] [0mClient [::1]:50903 uid:1 accessing /dashboard/contestAdd
Oct  6 03:39:32.377[36m [INFO] [0mClient [::1]:50903 uid:1 accessing /favicon.ico
Oct  6 04:44:13.621[36m [INFO] [0mClient [::1]:50903 uid:1 accessing /about
Oct  6 04:45:24.505[36m [INFO] [0mClient [::1]:50903 uid:1 accessing /dashboard/contestAdd
Oct  6 04:45:24.585[36m [INFO] [0mClient [::1]:50903 uid:1 accessing /avatar/RzoyZmMzYWZhMzkwNzYxYjBkYTQ0ZTkwZjExYTk5MTE1ZQ==
Oct  6 04:45:25.994[36m [INFO] [0mClient [::1]:50903 uid:1 accessing /favicon.ico
Oct  6 04:47:10.985[36m [INFO] [0mClient [::1]:50903 uid:1 accessing /dashboard/contestAdd
Oct  6 04:47:12.438[36m [INFO] [0mClient [::1]:50903 uid:1 accessing /favicon.ico
Oct  6 04:47:50.777[36m [INFO] [0mClient [::1]:50903 uid:1 accessing /dashboard/contestAdd
Oct  6 04:47:52.228[36m [INFO] [0mClient [::1]:50903 uid:1 accessing /favicon.ico
Oct  6 04:48:12.025[36m [INFO] [0mClient [::1]:50903 uid:1 accessing /dashboard/contestAdd
Oct  6 04:48:13.364[36m [INFO] [0mClient [::1]:50903 uid:1 accessing /favicon.ico
Oct  6 04:48:37.426[36m [INFO] [0mClient [::1]:50903 uid:1 accessing /dashboard/contestAdd
Oct  6 04:48:38.823[36m [INFO] [0mClient [::1]:50903 uid:1 accessing /favicon.ico
Oct  6 04:49:40.250[36m [INFO] [0mClient [::1]:50903 uid:1 accessing /dashboard/contestAdd
Oct  6 04:49:41.781[36m [INFO] [0mClient [::1]:50903 uid:1 accessing /favicon.ico
Oct  6 04:51:12.665[36m [INFO] [0mClient [::1]:50903 uid:1 accessing /dashboard/contestAdd
Oct  6 04:51:14.066[36m [INFO] [0mClient [::1]:50903 uid:1 accessing /favicon.ico
