Oct  7 01:21:49.324[36m [INFO] [0mLog file will be printed on /Users/thiekus/projects/gargoyle-judge/lib/log/gymaster_1e17_07-10-2019_01-21-49.log
Oct  7 01:21:49.325[36m [INFO] [0mProgramDir: /Users/thiekus/projects/gargoyle-judge/lib
Oct  7 01:21:49.325[36m [INFO] [0mWorkDir: /Users/thiekus/projects/gargoyle-judge/lib
Oct  7 01:21:49.325[36m [INFO] [0mInitializing master server...
Oct  7 01:21:49.326[36m [INFO] [0mConfig data loaded...
Oct  7 01:21:49.326[36m [INFO] [0mTesting database connection...
Oct  7 01:21:49.326[36m [INFO] [0mDB Driver: mysql
Oct  7 01:21:49.326[36m [INFO] [0mPing test into selected database...
Oct  7 01:21:49.333[36m [INFO] [0mDB Connection OK!
Oct  7 01:21:49.334[36m [INFO] [0mRouters have been initialized...
Oct  7 01:21:49.334[36m [INFO] [0mServer will use plain HTTP
Oct  7 01:21:56.829[36m [INFO] [0mClient [::1]:50320 uid:0 accessing /
Oct  7 01:21:59.010[36m [INFO] [0mClient [::1]:50320 uid:0 accessing /login
Oct  7 01:21:59.010[36m [INFO] [0mUser gyroot trying to login...
Oct  7 01:21:59.085[31m [ERRO] [0m[gyroot] Password error: password authentication for this username is invalid
Oct  7 01:21:59.085[31m [ERRO] [0m[gyroot] Login error: password authentication for this username is invalid
Oct  7 01:21:59.097[36m [INFO] [0mClient [::1]:50320 uid:0 accessing /login
Oct  7 01:22:05.490[36m [INFO] [0mClient [::1]:50320 uid:0 accessing /login
Oct  7 01:22:05.502[36m [INFO] [0mUser gyroot trying to login...
Oct  7 01:22:05.537[36m [INFO] [0mUser gyroot logged in with token 3365216ab847b939bcac8f53748913e9849db2e9ea31d3cb99c17059bc627f99
Oct  7 01:22:05.549[36m [INFO] [0mClient [::1]:50320 uid:1 accessing /dashboard
Oct  7 01:22:05.827[36m [INFO] [0mClient [::1]:50320 uid:1 accessing /avatar/RzoyZmMzYWZhMzkwNzYxYjBkYTQ0ZTkwZjExYTk5MTE1ZQ==
Oct  7 01:22:05.884[36m [INFO] [0mClient [::1]:50321 uid:1 accessing /assets/dashboard/libs/js/gydash.js
Oct  7 01:22:09.969[36m [INFO] [0mClient [::1]:50320 uid:1 accessing /dashboard/scoreboard
Oct  7 01:22:13.522[36m [INFO] [0mClient [::1]:50320 uid:1 accessing /dashboard/notifications
Oct  7 01:22:21.753[36m [INFO] [0mClient [::1]:50320 uid:1 accessing /dashboard/manageUsers
