Oct  6 17:04:52.283[36m [INFO] [0mLog file will be printed on /Users/thiekus/projects/gargoyle-judge/lib/log/gymaster_364f_06-10-2019_17-04-52.log
Oct  6 17:04:52.283[36m [INFO] [0mProgramDir: /Users/thiekus/projects/gargoyle-judge/lib
Oct  6 17:04:52.284[36m [INFO] [0mWorkDir: /Users/thiekus/projects/gargoyle-judge/lib
Oct  6 17:04:52.284[36m [INFO] [0mInitializing master server...
Oct  6 17:04:52.285[36m [INFO] [0mConfig data loaded...
Oct  6 17:04:52.285[36m [INFO] [0mTesting database connection...
Oct  6 17:04:52.285[36m [INFO] [0mDB Driver: mysql
Oct  6 17:04:52.285[36m [INFO] [0mPing test into selected database...
Oct  6 17:04:52.293[36m [INFO] [0mDB Connection OK!
Oct  6 17:04:52.295[36m [INFO] [0mRouters have been initialized...
Oct  6 17:04:52.295[36m [INFO] [0mServer will use plain HTTP
Oct  6 17:05:03.372[36m [INFO] [0mClient [::1]:54792 uid:0 accessing /
Oct  6 17:05:09.781[36m [INFO] [0mClient [::1]:54792 uid:0 accessing /login
Oct  6 17:05:09.782[36m [INFO] [0mUser gyroot trying to login...
Oct  6 17:05:09.788[36m [INFO] [0mUser gyroot logged in with token b97b8ada26c5ee31ab5782aa976c1fc1c67ae93f00121c284bbaef61554b43b7
Oct  6 17:05:09.806[36m [INFO] [0mClient [::1]:54792 uid:1 accessing /dashboard
Oct  6 17:05:09.916[36m [INFO] [0mClient [::1]:54792 uid:1 accessing /avatar/RzoyZmMzYWZhMzkwNzYxYjBkYTQ0ZTkwZjExYTk5MTE1ZQ==
Oct  6 17:05:17.473[36m [INFO] [0mClient [::1]:54799 uid:0 accessing /
Oct  6 17:05:17.600[36m [INFO] [0mClient [::1]:54799 uid:0 accessing /assets/shared/fonts/fontawesome/css/all.min.css
Oct  6 17:05:17.611[36m [INFO] [0mClient [::1]:54800 uid:0 accessing /assets/frontpage/css/creative.min.css
Oct  6 17:05:17.632[36m [INFO] [0mClient [::1]:54801 uid:0 accessing /assets/shared/overlay-scrollbars/css/OverlayScrollbars.min.css
Oct  6 17:05:17.633[36m [INFO] [0mClient [::1]:54799 uid:0 accessing /assets/shared/overlay-scrollbars/js/OverlayScrollbars.min.js
Oct  6 17:05:17.640[36m [INFO] [0mClient [::1]:54802 uid:0 accessing /assets/shared/jquery/jquery-3.4.1.min.js
Oct  6 17:05:17.643[36m [INFO] [0mClient [::1]:54803 uid:0 accessing /assets/shared/bootstrap/js/bootstrap.bundle.js
Oct  6 17:05:17.645[36m [INFO] [0mClient [::1]:54804 uid:0 accessing /assets/frontpage/js/creative.js
Oct  6 17:05:17.838[36m [INFO] [0mClient [::1]:54803 uid:0 accessing /assets/frontpage/img/bg-masthead.jpg
Oct  6 17:05:22.799[36m [INFO] [0mClient [::1]:54803 uid:0 accessing /login
Oct  6 17:05:22.800[36m [INFO] [0mUser dummy trying to login...
Oct  6 17:05:22.807[36m [INFO] [0mUser dummy logged in with token 7ef9525c5cec0c059975c46f9fb49392c3691a6d84e6fe64d20bf9ae9e300c7f
Oct  6 17:05:22.816[36m [INFO] [0mClient [::1]:54803 uid:3 accessing /dashboard
Oct  6 17:05:22.888[36m [INFO] [0mClient [::1]:54801 uid:3 accessing /avatar/TToyNzU4NzZlMzRjZjYwOWRiMTE4ZjNkODRiNzk5YTc5MA==
Oct  6 17:05:22.889[36m [INFO] [0mClient [::1]:54804 uid:3 accessing /assets/shared/datetimepicker/build/jquery.datetimepicker.min.css
Oct  6 17:05:22.888[36m [INFO] [0mClient [::1]:54799 uid:3 accessing /assets/dashboard/libs/css/gydash.css
Oct  6 17:05:22.888[36m [INFO] [0mClient [::1]:54803 uid:3 accessing /assets/shared/bootstrap/css/bootstrap.min.css
Oct  6 17:05:22.888[36m [INFO] [0mClient [::1]:54802 uid:3 accessing /assets/dashboard/vendor/fonts/circular-std/style.css
Oct  6 17:05:22.889[36m [INFO] [0mClient [::1]:54800 uid:3 accessing /assets/dashboard/libs/css/style.css
Oct  6 17:05:22.917[36m [INFO] [0mClient [::1]:54804 uid:3 accessing /avatar/RzoyZmMzYWZhMzkwNzYxYjBkYTQ0ZTkwZjExYTk5MTE1ZQ==
Oct  6 17:05:22.943[36m [INFO] [0mClient [::1]:54803 uid:3 accessing /assets/dashboard/vendor/slimscroll/jquery.slimscroll.js
Oct  6 17:05:22.974[36m [INFO] [0mClient [::1]:54803 uid:3 accessing /assets/dashboard/libs/js/main-js.js
Oct  6 17:05:22.974[36m [INFO] [0mClient [::1]:54800 uid:3 accessing /assets/dashboard/libs/js/gydash.js
Oct  6 17:05:22.989[36m [INFO] [0mClient [::1]:54800 uid:3 accessing /assets/shared/gargoyle/sound/ping.ogg
Oct  6 17:05:23.103[36m [INFO] [0mClient [::1]:54801 uid:3 accessing /assets/dashboard/vendor/fonts/circular-std/CircularStd-Book.woff
Oct  6 17:05:23.104[36m [INFO] [0mClient [::1]:54800 uid:3 accessing /assets/shared/fonts/fontawesome/webfonts/fa-solid-900.woff2
Oct  6 17:05:23.110[36m [INFO] [0mClient [::1]:54801 uid:3 accessing /assets/dashboard/vendor/fonts/circular-std/CircularStd-Medium.woff
Oct  6 17:05:23.300[36m [INFO] [0mClient [::1]:54801 uid:3 accessing /assets/shared/fonts/fontawesome/webfonts/fa-regular-400.woff2
Oct  6 17:05:24.977[36m [INFO] [0mClient [::1]:54801 uid:3 accessing /dashboard/scoreboard
Oct  6 17:05:26.613[36m [INFO] [0mClient [::1]:54801 uid:3 accessing /dashboard/scoreboard/1
Oct  6 17:05:26.662[36m [INFO] [0mClient [::1]:54800 uid:3 accessing /avatar/TTpmNTI1NDc5YjZhODMzNTE2ZDdkMTEzMjRhYTgzMjg5NQ==
Oct  6 17:05:26.667[36m [INFO] [0mClient [::1]:54804 uid:3 accessing /avatar/Rzo3MTYzYjZkODhlN2JjMzA4NjE5OGM3NTQ0OTU3NDQzZA==
Oct  6 17:05:26.670[36m [INFO] [0mClient [::1]:54802 uid:3 accessing /avatar/TTo3ZjU2YWU4MGI0M2JjZjZkZGU2OTA2ZWRhMzY3YTE2Mw==
Oct  6 17:05:26.667[36m [INFO] [0mClient [::1]:54799 uid:3 accessing /avatar/TTo2MDRmMmU2YTNhM2U1MjlmYTZiNjBiZjY0MjBiOWI2NQ==
Oct  6 17:05:26.669[36m [INFO] [0mClient [::1]:54803 uid:3 accessing /avatar/TToxMDdiM2U0NDUzZmUwZTMwYWE1OWUyMzg2YzU4NmE0MA==
Oct  6 17:05:26.663[36m [INFO] [0mClient [::1]:54801 uid:3 accessing /avatar/TTpiYjkxMGRmNjgxOTk5NTUxYjgyZmY0ZGE1ZDc0MjEyNw==
Oct  6 17:05:26.792[36m [INFO] [0mClient [::1]:54804 uid:3 accessing /avatar/TTphM2VmZDBmMDZhNTAyODQ3NTYzODE0ZWJiNDdjZDI0Nw==
Oct  6 17:05:26.822[36m [INFO] [0mClient [::1]:54803 uid:3 accessing /avatar/TTplY2MxZjBhNmE2NTJlY2QwYWM5MmEyNDg0YWEwZDU2ZA==
Oct  6 17:05:26.802[36m [INFO] [0mClient [::1]:54802 uid:3 accessing /avatar/TTo4ZWVhY2U2MmE0ZGFiM2I0ZWY5OWEyZGFkNGUwMTZhNA==
Oct  6 17:05:26.843[36m [INFO] [0mClient [::1]:54800 uid:3 accessing /avatar/RzpmMTI2OGU2MjNkYzdjODViZTA5MmEwMjIzNjNiNjQxMw==
Oct  6 17:05:26.910[36m [INFO] [0mClient [::1]:54801 uid:3 accessing /assets/shared/gargoyle/css/scoreboard.css
Oct  6 17:05:26.942[36m [INFO] [0mClient [::1]:54801 uid:3 accessing /avatar/TTo4MGUwYjJhMmMxYTFkNmQ0N2Y5YTlmZjU3M2MwOGM0Mg==
Oct  6 17:05:26.968[36m [INFO] [0mClient [::1]:54799 uid:3 accessing /avatar/TTowNmE5YTI4NjY2NGU4NmZhODdlNTA5MmQ5NzQ1YmEwNQ==
Oct  6 17:05:26.976[36m [INFO] [0mClient [::1]:54802 uid:3 accessing /avatar/TToyNjI4NjA0OWYzZjAyY2M4MTQxOWE3NTM4MzM4NGIwNA==
Oct  6 17:05:26.986[36m [INFO] [0mClient [::1]:54803 uid:3 accessing /avatar/TTphMmE5NzNmNmI3YmQxOTgxNmRmZmRjODAxZDE0MjIyMA==
Oct  6 17:05:27.031[36m [INFO] [0mClient [::1]:54800 uid:3 accessing /avatar/TTplNzhiZmNhYmE1ZTUzNDFiNjliMWUxOTViMDZhZDQyZQ==
Oct  6 17:05:27.020[36m [INFO] [0mClient [::1]:54804 uid:3 accessing /avatar/TToxYmMzZjU3NzUwYzIwMzNkZjVkMWJhMmY2OTM4OTI2OQ==
Oct  6 17:05:27.141[36m [INFO] [0mClient [::1]:54801 uid:3 accessing /avatar/TTowN2QyOTIyZDllMGFiYmU3MTE3NDA4NjUwZDYyODYxOQ==
Oct  6 17:05:27.283[36m [INFO] [0mClient [::1]:54799 uid:3 accessing /avatar/TTplNWQ2YjRkYmY4ZDIzZDhkZWNkNDAyNDc0NGQzZjYzZA==
Oct  6 17:05:27.283[36m [INFO] [0mClient [::1]:54802 uid:3 accessing /avatar/TTo5ZjM3ZjFkOWExZDQyOGFkODM1MWYwN2RiZTUwMmYwOQ==
Oct  6 17:05:27.322[36m [INFO] [0mClient [::1]:54804 uid:3 accessing /avatar/TTo0NzE4MzhmZTFmNTkyNTY2ZTU3NzU5MjZlNDU5NzY4ZQ==
Oct  6 17:05:27.338[36m [INFO] [0mClient [::1]:54800 uid:3 accessing /avatar/TTphMWU1OTZhYWVhNjMyMjlkY2U3NDdiODhjYjAxZTYxYw==
Oct  6 17:06:24.804[36m [INFO] [0mClient [::1]:54792 uid:1 accessing /dashboard/manageUsers
Oct  6 17:06:29.363[36m [INFO] [0mClient [::1]:54792 uid:1 accessing /dashboard/userEdit/9
Oct  6 17:06:37.693[36m [INFO] [0mClient [::1]:54792 uid:1 accessing /dashboard/userEdit
Oct  6 17:06:37.701[36m [INFO] [0mRefreshing user id no 9
Oct  6 17:06:37.714[36m [INFO] [0mClient [::1]:54792 uid:1 accessing /dashboard/manageUsers
Oct  6 17:06:46.716[36m [INFO] [0mClient [::1]:54804 uid:3 accessing /logout
Oct  6 17:06:46.721[36m [INFO] [0mRemoving token 7ef9525c5cec0c059975c46f9fb49392c3691a6d84e6fe64d20bf9ae9e300c7f from logged user
Oct  6 17:06:46.728[36m [INFO] [0mClient [::1]:54804 uid:0 accessing /
Oct  6 17:06:51.631[36m [INFO] [0mClient [::1]:54804 uid:0 accessing /login
Oct  6 17:06:51.631[36m [INFO] [0mUser barakallah trying to login...
Oct  6 17:06:51.638[36m [INFO] [0mUser barakallah logged in with token 13bd886c644d6a563c318c45778e9aa63c97ac6f1edaa2402ce4d969598b9af4
Oct  6 17:06:51.643[36m [INFO] [0mClient [::1]:54804 uid:9 accessing /dashboard
Oct  6 17:06:54.350[36m [INFO] [0mClient [::1]:54804 uid:9 accessing /dashboard/userSubmissions
Oct  6 17:06:57.897[36m [INFO] [0mClient [::1]:54804 uid:9 accessing /dashboard/userViewSubmission/173
Oct  6 17:06:58.148[36m [INFO] [0mClient [::1]:54804 uid:9 accessing /assets/shared/ace/src-min-noconflict/ace.js
Oct  6 17:06:58.364[36m [INFO] [0mClient [::1]:54804 uid:9 accessing /assets/shared/ace/src-min-noconflict/theme-eclipse.js
Oct  6 17:06:58.365[36m [INFO] [0mClient [::1]:54799 uid:9 accessing /assets/shared/ace/src-min-noconflict/mode-c_cpp.js
Oct  6 17:07:03.255[36m [INFO] [0mClient [::1]:54799 uid:9 accessing /dashboard/contests
Oct  6 17:07:04.890[36m [INFO] [0mClient [::1]:54799 uid:9 accessing /dashboard/problemSet/1
Oct  6 17:07:07.828[36m [INFO] [0mClient [::1]:54799 uid:9 accessing /dashboard/userSubmissions
Oct  6 17:07:09.843[36m [INFO] [0mClient [::1]:54799 uid:9 accessing /dashboard/contests
Oct  6 17:07:11.129[36m [INFO] [0mClient [::1]:54799 uid:9 accessing /dashboard/problemSet/1
Oct  6 17:07:12.138[36m [INFO] [0mClient [::1]:54799 uid:9 accessing /dashboard/problem/2
Oct  6 17:07:12.426[36m [INFO] [0mClient [::1]:54799 uid:9 accessing /assets/dashboard/images/down-arrow.png
Oct  6 17:07:17.301[36m [INFO] [0mClient [::1]:54799 uid:9 accessing /dashboard/problem
Oct  6 17:07:17.315[31m [ERRO] [0mno available active slave to process
Oct  6 17:07:17.325[36m [INFO] [0mClient [::1]:54799 uid:9 accessing /dashboard/problem/2
Oct  6 17:07:37.123[36m [INFO] [0mClient [::1]:54799 uid:9 accessing /dashboard/problem
Oct  6 17:07:37.157[31m [ERRO] [0mError 1364: Field 'details' doesn't have a default value
Oct  6 17:07:37.162[36m [INFO] [0mClient [::1]:54799 uid:9 accessing /dashboard/problem/2
Oct  6 17:08:15.574[36m [INFO] [0mClient [::1]:54799 uid:9 accessing /dashboard/scoreboard
Oct  6 17:08:18.481[36m [INFO] [0mClient [::1]:54799 uid:9 accessing /dashboard/scoreboard/1
Oct  6 17:09:08.441[36m [INFO] [0mClient [::1]:54799 uid:9 accessing /dashboard/problem
Oct  6 17:09:08.456[31m [ERRO] [0mError 1364: Field 'details' doesn't have a default value
Oct  6 17:09:08.461[36m [INFO] [0mClient [::1]:54799 uid:9 accessing /dashboard/problem/2
Oct  6 17:09:53.416[36m [INFO] [0mClient [::1]:54799 uid:9 accessing /dashboard/problem
Oct  6 17:09:53.433[31m [ERRO] [0mError 1364: Field 'compile_stdout' doesn't have a default value
Oct  6 17:09:53.438[36m [INFO] [0mClient [::1]:54799 uid:9 accessing /dashboard/problem/2
Oct  6 17:10:23.473[36m [INFO] [0mClient [::1]:54799 uid:9 accessing /dashboard/problem
Oct  6 17:10:23.491[36m [INFO] [0mClient [::1]:54799 uid:9 accessing /dashboard/problemSet/1
Oct  6 17:10:27.381[36m [INFO] [0mInserting {0 2 174 1 WA 4.900914 0 0}
Oct  6 17:10:27.381[36m [INFO] [0mSubmission [id:174, verdict:WA]: Wrong Answer
Oct  6 17:10:32.290[36m [INFO] [0mClient [::1]:54799 uid:9 accessing /dashboard/userViewSubmission/174
Oct  6 17:10:36.095[36m [INFO] [0mClient [::1]:54799 uid:9 accessing /dashboard/scoreboard/1
