Oct  5 17:26:21.667[36m [INFO] [0mLog file will be printed on /Users/thiekus/projects/gargoyle-judge/lib/log/gymaster_306_05-10-2019_17-26-21.log
Oct  5 17:26:21.668[36m [INFO] [0mProgramDir: /Users/thiekus/projects/gargoyle-judge/lib
Oct  5 17:26:21.668[36m [INFO] [0mWorkDir: /Users/thiekus/projects/gargoyle-judge/lib
Oct  5 17:26:21.668[36m [INFO] [0mInitializing master server...
Oct  5 17:26:21.670[36m [INFO] [0mConfig data loaded...
Oct  5 17:26:21.670[36m [INFO] [0mTesting database connection...
Oct  5 17:26:21.670[36m [INFO] [0mDB Driver: mysql
Oct  5 17:26:21.670[36m [INFO] [0mPing test into selected database...
Oct  5 17:26:21.672[31m [ERRO] [0mPing error: dial tcp [::1]:3306: connect: connection refused
Oct  5 17:26:21.674[36m [INFO] [0mRouters have been initialized...
Oct  5 17:26:21.674[36m [INFO] [0mServer will use plain HTTP
Oct  5 17:26:53.309[36m [INFO] [0mClient [::1]:49357 uid:0 accessing /dashboard/scoreboard/1
Oct  5 17:26:53.324[36m [INFO] [0mClient [::1]:49357 uid:0 accessing /login?target=L2Rhc2hib2FyZC9zY29yZWJvYXJkLzE=
Oct  5 17:26:53.965[36m [INFO] [0mClient [::1]:49357 uid:0 accessing /favicon.ico
Oct  5 17:26:55.329[36m [INFO] [0mClient [::1]:49357 uid:0 accessing /login
Oct  5 17:26:55.329[36m [INFO] [0mUser gyroot trying to login...
Oct  5 17:26:55.361[36m [INFO] [0mUser gyroot logged in with token 16dc7da99a25465204711bdddfe1db8ecac209e8dbf9c3cacdd075f5d2e138f7
Oct  5 17:26:55.370[36m [INFO] [0mClient [::1]:49357 uid:1 accessing /dashboard/scoreboard/1
Oct  5 17:26:55.506[36m [INFO] [0mClient [::1]:49358 uid:1 accessing /avatar/RzoyZmMzYWZhMzkwNzYxYjBkYTQ0ZTkwZjExYTk5MTE1ZQ==
Oct  5 17:26:55.506[36m [INFO] [0mClient [::1]:49357 uid:1 accessing /assets/shared/gargoyle/css/scoreboard.css
Oct  5 17:26:55.528[36m [INFO] [0mClient [::1]:49357 uid:1 accessing /assets/dashboard/libs/js/gydash.js
Oct  5 17:26:55.532[36m [INFO] [0mClient [::1]:49361 uid:1 accessing /avatar/RzoxYWVkYjhkOWRjNDc1MWUyMjlhMzM1ZTM3MWRiODA1OA==
Oct  5 17:27:00.572[36m [INFO] [0mClient [::1]:49358 uid:1 accessing /dashboard/scoreboard/1
Oct  5 17:27:00.653[36m [INFO] [0mClient [::1]:49358 uid:1 accessing /avatar/RzoyZmMzYWZhMzkwNzYxYjBkYTQ0ZTkwZjExYTk5MTE1ZQ==
Oct  5 17:27:00.653[36m [INFO] [0mClient [::1]:49361 uid:1 accessing /avatar/RzoxYWVkYjhkOWRjNDc1MWUyMjlhMzM1ZTM3MWRiODA1OA==
Oct  5 17:27:08.493[36m [INFO] [0mClient [::1]:49357 uid:1 accessing /dashboard
Oct  5 17:29:47.462[36m [INFO] [0mClient [::1]:49358 uid:1 accessing /dashboard
Oct  5 17:29:47.553[36m [INFO] [0mClient [::1]:49358 uid:1 accessing /avatar/RzoyZmMzYWZhMzkwNzYxYjBkYTQ0ZTkwZjExYTk5MTE1ZQ==
Oct  5 17:29:48.503[36m [INFO] [0mClient [::1]:49358 uid:1 accessing /favicon.ico
Oct  5 17:45:16.925[36m [INFO] [0mClient [::1]:49358 uid:1 accessing /dashboard
Oct  5 17:45:17.492[36m [INFO] [0mClient [::1]:49358 uid:1 accessing /favicon.ico
Oct  5 17:45:54.361[36m [INFO] [0mClient [::1]:49358 uid:1 accessing /dashboard/scoreboard
Oct  5 17:45:55.865[36m [INFO] [0mClient [::1]:49358 uid:1 accessing /dashboard/settings
Oct  5 17:45:58.606[36m [INFO] [0mClient [::1]:49358 uid:1 accessing /dashboard/manageUsers
Oct  5 17:46:16.815[36m [INFO] [0mClient [::1]:49358 uid:1 accessing /dashboard/userAdd
Oct  5 17:46:39.328[36m [INFO] [0mClient [::1]:49358 uid:1 accessing /dashboard/userAdd
Oct  5 17:46:39.338[36m [INFO] [0mClient [::1]:49358 uid:1 accessing /dashboard/manageUsers
Oct  5 17:48:40.830[36m [INFO] [0mClient [::1]:49358 uid:1 accessing /dashboard/manageUsers
Oct  5 17:48:41.394[36m [INFO] [0mClient [::1]:49358 uid:1 accessing /favicon.ico
Oct  5 17:49:13.449[36m [INFO] [0mClient [::1]:49358 uid:1 accessing /dashboard/manageUsers
Oct  5 17:49:13.958[36m [INFO] [0mClient [::1]:49358 uid:1 accessing /favicon.ico
Oct  5 17:49:50.881[36m [INFO] [0mClient [::1]:49358 uid:1 accessing /dashboard/manageUsers
Oct  5 17:49:51.432[36m [INFO] [0mClient [::1]:49358 uid:1 accessing /favicon.ico
Oct  5 17:50:14.708[36m [INFO] [0mClient [::1]:49358 uid:1 accessing /dashboard/manageUsers
Oct  5 17:50:15.235[36m [INFO] [0mClient [::1]:49358 uid:1 accessing /favicon.ico
Oct  5 17:50:37.421[36m [INFO] [0mClient [::1]:49358 uid:1 accessing /dashboard/manageUsers
Oct  5 17:50:37.991[36m [INFO] [0mClient [::1]:49358 uid:1 accessing /favicon.ico
Oct  5 17:51:19.926[36m [INFO] [0mClient [::1]:49358 uid:1 accessing /dashboard/manageUsers
Oct  5 17:51:20.537[36m [INFO] [0mClient [::1]:49358 uid:1 accessing /favicon.ico
Oct  5 17:51:28.023[36m [INFO] [0mClient [::1]:49358 uid:1 accessing /dashboard/userEdit/1
Oct  5 17:51:30.262[36m [INFO] [0mClient [::1]:49358 uid:1 accessing /dashboard/manageUsers
Oct  5 17:53:04.215[36m [INFO] [0mClient [::1]:49358 uid:1 accessing /dashboard/manageUsers
Oct  5 17:53:04.791[36m [INFO] [0mClient [::1]:49358 uid:1 accessing /favicon.ico
Oct  5 17:53:32.122[36m [INFO] [0mClient [::1]:49358 uid:1 accessing /dashboard/manageUsers
Oct  5 17:53:32.651[36m [INFO] [0mClient [::1]:49358 uid:1 accessing /favicon.ico
Oct  5 17:54:32.584[36m [INFO] [0mClient [::1]:49358 uid:1 accessing /dashboard/userEdit/1
Oct  5 17:54:34.520[36m [INFO] [0mClient [::1]:49358 uid:1 accessing /dashboard/manageUsers
Oct  5 17:55:42.814[36m [INFO] [0mClient [::1]:49358 uid:1 accessing /dashboard
Oct  5 17:55:45.502[36m [INFO] [0mClient [::1]:49358 uid:1 accessing /dashboard/manageUsers
Oct  5 17:56:45.829[36m [INFO] [0mClient [::1]:49358 uid:1 accessing /about
Oct  5 17:58:24.239[36m [INFO] [0mClient [::1]:49358 uid:1 accessing /dashboard/manageContests
Oct  5 17:58:37.936[36m [INFO] [0mClient [::1]:49358 uid:1 accessing /dashboard/manageUsers
Oct  5 17:58:39.569[36m [INFO] [0mClient [::1]:49358 uid:1 accessing /dashboard/contests
Oct  5 17:58:42.470[36m [INFO] [0mClient [::1]:49358 uid:1 accessing /dashboard/problemSet/1
Oct  5 17:58:47.819[36m [INFO] [0mClient [::1]:49358 uid:1 accessing /dashboard/problem/1
Oct  5 17:58:49.830[36m [INFO] [0mClient [::1]:49358 uid:1 accessing /dashboard
Oct  5 17:58:53.882[36m [INFO] [0mClient [::1]:49358 uid:1 accessing /dashboard/manageUsers
Oct  5 17:58:57.404[36m [INFO] [0mClient [::1]:49358 uid:1 accessing /dashboard/contests
Oct  5 17:58:58.791[36m [INFO] [0mClient [::1]:49358 uid:1 accessing /dashboard/userSubmissions
Oct  5 17:59:00.936[36m [INFO] [0mClient [::1]:49358 uid:1 accessing /dashboard/userViewSubmission/35
Oct  5 17:59:06.522[36m [INFO] [0mClient [::1]:49358 uid:1 accessing /dashboard/contests
Oct  5 18:00:45.941[36m [INFO] [0mClient [::1]:49358 uid:1 accessing /dashboard/manageContests
Oct  5 18:00:49.856[36m [INFO] [0mClient [::1]:49358 uid:1 accessing /dashboard/manageUsers
Oct  5 18:09:14.208[36m [INFO] [0mClient [::1]:49358 uid:1 accessing /about
