Oct  7 03:01:53.257[36m [INFO] [0mLog file will be printed on /Users/thiekus/projects/gargoyle-judge/lib/log/gymaster_21ee_07-10-2019_03-01-53.log
Oct  7 03:01:53.257[36m [INFO] [0mProgramDir: /Users/thiekus/projects/gargoyle-judge/lib
Oct  7 03:01:53.257[36m [INFO] [0mWorkDir: /Users/thiekus/projects/gargoyle-judge/lib
Oct  7 03:01:53.258[36m [INFO] [0mInitializing master server...
Oct  7 03:01:53.258[36m [INFO] [0mConfig data loaded...
Oct  7 03:01:53.258[36m [INFO] [0mTesting database connection...
Oct  7 03:01:53.258[36m [INFO] [0mDB Driver: mysql
Oct  7 03:01:53.261[36m [INFO] [0mPing test into selected database...
Oct  7 03:01:53.264[36m [INFO] [0mDB Connection OK!
Oct  7 03:01:53.265[36m [INFO] [0mRouters have been initialized...
Oct  7 03:01:53.265[36m [INFO] [0mServer will use plain HTTP
Oct  7 03:01:56.793[36m [INFO] [0mClient [::1]:50824 uid:0 accessing /dashboard/scoreboard
Oct  7 03:01:56.803[36m [INFO] [0mClient [::1]:50824 uid:0 accessing /login?target=L2Rhc2hib2FyZC9zY29yZWJvYXJk
Oct  7 03:01:56.829[36m [INFO] [0mClient [::1]:50824 uid:0 accessing /login?target=L2Rhc2hib2FyZC9zY29yZWJvYXJk
Oct  7 03:01:59.611[36m [INFO] [0mClient [::1]:50824 uid:0 accessing /login?target=L2Rhc2hib2FyZC9zY29yZWJvYXJk
Oct  7 03:01:59.877[36m [INFO] [0mClient [::1]:50824 uid:0 accessing /favicon.ico
Oct  7 03:02:15.551[36m [INFO] [0mClient [::1]:50824 uid:0 accessing /login
Oct  7 03:02:15.551[36m [INFO] [0mUser dummy trying to login...
Oct  7 03:02:15.555[31m [ERRO] [0m[dummy] Select error: sql: no rows in result set
Oct  7 03:02:15.555[31m [ERRO] [0m[dummy] UserLogin error: username invalid or not exists
Oct  7 03:02:15.570[36m [INFO] [0mClient [::1]:50824 uid:0 accessing /login?target=L2Rhc2hib2FyZC9zY29yZWJvYXJk
