Nov  5 22:29:11.248[36m [INFO] [0mLog file will be printed on /Users/thiekus/projects/gargoyle-judge/lib/log/gymaster_3b68_05-11-2019_22-29-11.log
Nov  5 22:29:11.249[36m [INFO] [0mProgramDir: /Users/thiekus/projects/gargoyle-judge/lib
Nov  5 22:29:11.249[36m [INFO] [0mWorkDir: /Users/thiekus/projects/gargoyle-judge/lib
Nov  5 22:29:11.249[36m [INFO] [0mInitializing master server...
Nov  5 22:29:11.252[36m [INFO] [0mConfig data loaded...
Nov  5 22:29:11.252[36m [INFO] [0mTesting database connection...
Nov  5 22:29:11.252[36m [INFO] [0mDB Driver: mysql
Nov  5 22:29:11.254[36m [INFO] [0mPing test into selected database...
Nov  5 22:29:11.264[36m [INFO] [0mDB Connection OK!
Nov  5 22:29:11.340[36m [INFO] [0m30 user token retrieved
Nov  5 22:29:11.343[36m [INFO] [0mRouters have been initialized...
Nov  5 22:29:11.343[36m [INFO] [0mServer will use plain HTTP
Nov  5 22:29:19.115[36m [INFO] [0mClient [::1]:51831 uid:3 accessing /
Nov  5 22:29:19.144[36m [INFO] [0mClient [::1]:51831 uid:3 accessing /dashboard
Nov  5 22:29:19.314[36m [INFO] [0mClient [::1]:51831 uid:3 accessing /assets/shared/bootstrap/css/bootstrap.min.css
Nov  5 22:29:19.332[36m [INFO] [0mClient [::1]:51832 uid:3 accessing /assets/dashboard/vendor/fonts/circular-std/style.css
Nov  5 22:29:19.333[36m [INFO] [0mClient [::1]:51835 uid:3 accessing /assets/dashboard/libs/css/style.css
Nov  5 22:29:19.334[36m [INFO] [0mClient [::1]:51836 uid:3 accessing /assets/shared/fonts/fontawesome/css/all.min.css
Nov  5 22:29:19.334[36m [INFO] [0mClient [::1]:51837 uid:3 accessing /assets/shared/overlay-scrollbars/css/OverlayScrollbars.min.css
Nov  5 22:29:19.413[36m [INFO] [0mClient [::1]:51835 uid:3 accessing /assets/dashboard/libs/css/gydash.css
Nov  5 22:29:19.414[36m [INFO] [0mClient [::1]:51836 uid:3 accessing /assets/shared/datetimepicker/build/jquery.datetimepicker.min.css
Nov  5 22:29:19.419[36m [INFO] [0mClient [::1]:51837 uid:3 accessing /assets/shared/jquery/jquery-3.4.1.min.js
Nov  5 22:29:19.421[36m [INFO] [0mClient [::1]:51831 uid:3 accessing /avatar/Rzo2MDA1OTE5OTYyMGM2NzhlYmVlYjUxZGZmMjYyNTViNQ==
Nov  5 22:29:19.424[36m [INFO] [0mClient [::1]:51835 uid:3 accessing /assets/shared/bootstrap/js/bootstrap.bundle.js
Nov  5 22:29:19.573[36m [INFO] [0mClient [::1]:51835 uid:3 accessing /assets/dashboard/vendor/slimscroll/jquery.slimscroll.js
Nov  5 22:29:19.576[36m [INFO] [0mClient [::1]:51837 uid:3 accessing /assets/dashboard/libs/js/main-js.js
Nov  5 22:29:19.586[36m [INFO] [0mClient [::1]:51837 uid:3 accessing /assets/shared/overlay-scrollbars/js/OverlayScrollbars.min.js
Nov  5 22:29:19.586[36m [INFO] [0mClient [::1]:51835 uid:3 accessing /assets/dashboard/libs/js/gydash.js
Nov  5 22:29:19.811[36m [INFO] [0mClient [::1]:51837 uid:3 accessing /assets/shared/gargoyle/sound/ping.ogg
Nov  5 22:29:19.857[36m [INFO] [0mClient [::1]:51837 uid:3 accessing /assets/dashboard/vendor/fonts/circular-std/CircularStd-Book.woff
Nov  5 22:29:19.864[36m [INFO] [0mClient [::1]:51837 uid:3 accessing /assets/shared/fonts/fontawesome/webfonts/fa-solid-900.woff2
Nov  5 22:29:19.877[36m [INFO] [0mClient [::1]:51837 uid:3 accessing /assets/dashboard/vendor/fonts/circular-std/CircularStd-Medium.woff
Nov  5 22:29:20.243[36m [INFO] [0mClient [::1]:51837 uid:3 accessing /assets/shared/fonts/fontawesome/webfonts/fa-regular-400.woff2
Nov  5 22:29:20.743[36m [INFO] [0mClient [::1]:51831 uid:3 accessing /favicon.ico
Nov  5 22:29:26.163[36m [INFO] [0mClient [::1]:51831 uid:3 accessing /assets/shared/bootstrap/js/bootstrap.bundle.js.map
Nov  5 22:29:26.198[36m [INFO] [0mClient [::1]:51831 uid:3 accessing /assets/shared/bootstrap/css/bootstrap.min.css.map
