Oct  7 01:29:26.304[36m [INFO] [0mLog file will be printed on /Users/thiekus/projects/gargoyle-judge/lib/log/gymaster_1e55_07-10-2019_01-29-26.log
Oct  7 01:29:26.304[36m [INFO] [0mProgramDir: /Users/thiekus/projects/gargoyle-judge/lib
Oct  7 01:29:26.305[36m [INFO] [0mWorkDir: /Users/thiekus/projects/gargoyle-judge/lib
Oct  7 01:29:26.305[36m [INFO] [0mInitializing master server...
Oct  7 01:29:26.305[36m [INFO] [0mConfig data loaded...
Oct  7 01:29:26.305[36m [INFO] [0mTesting database connection...
Oct  7 01:29:26.305[36m [INFO] [0mDB Driver: mysql
Oct  7 01:29:26.305[36m [INFO] [0mPing test into selected database...
Oct  7 01:29:26.310[36m [INFO] [0mDB Connection OK!
Oct  7 01:29:26.312[36m [INFO] [0mRouters have been initialized...
Oct  7 01:29:26.312[36m [INFO] [0mServer will use plain HTTP
Oct  7 01:29:27.885[36m [INFO] [0mClient [::1]:50403 uid:0 accessing /dashboard
Oct  7 01:29:27.903[36m [INFO] [0mClient [::1]:50403 uid:0 accessing /login?target=L2Rhc2hib2FyZA==
Oct  7 01:29:28.568[36m [INFO] [0mClient [::1]:50403 uid:0 accessing /favicon.ico
Oct  7 01:29:34.370[36m [INFO] [0mClient [::1]:50403 uid:0 accessing /login
Oct  7 01:29:34.370[36m [INFO] [0mUser gyroot trying to login...
Oct  7 01:29:34.376[36m [INFO] [0mUser gyroot logged in with token f61c93407a5cdad0e405dc8be908e17e1b9ff6c8da5edd8b4b75e925934a3bbd
Oct  7 01:29:34.388[36m [INFO] [0mClient [::1]:50403 uid:1 accessing /dashboard
Oct  7 01:29:37.717[36m [INFO] [0mClient [::1]:50403 uid:1 accessing /dashboard/manageUsers
Oct  7 01:29:40.547[36m [INFO] [0mClient [::1]:50403 uid:1 accessing /dashboard/settings
Oct  7 01:29:40.547[31m [ERRO] [0muid:1 cannot access dashboard because insufficient privileges!
Oct  7 01:29:44.812[36m [INFO] [0mClient [::1]:50403 uid:1 accessing /dashboard/scoreboard
Oct  7 01:29:44.812[31m [ERRO] [0muid:1 cannot access dashboard because insufficient privileges!
