Oct  7 03:08:48.581[36m [INFO] [0mLog file will be printed on /Users/thiekus/projects/gargoyle-judge/lib/log/gymaster_2240_07-10-2019_03-08-48.log
Oct  7 03:08:48.581[36m [INFO] [0mProgramDir: /Users/thiekus/projects/gargoyle-judge/lib
Oct  7 03:08:48.581[36m [INFO] [0mWorkDir: /Users/thiekus/projects/gargoyle-judge/lib
Oct  7 03:08:48.581[36m [INFO] [0mInitializing master server...
Oct  7 03:08:48.581[36m [INFO] [0mConfig data loaded...
Oct  7 03:08:48.581[36m [INFO] [0mTesting database connection...
Oct  7 03:08:48.581[36m [INFO] [0mDB Driver: mysql
Oct  7 03:08:48.581[36m [INFO] [0mPing test into selected database...
Oct  7 03:08:48.585[36m [INFO] [0mDB Connection OK!
Oct  7 03:08:48.587[36m [INFO] [0mRouters have been initialized...
Oct  7 03:08:48.587[36m [INFO] [0mServer will use plain HTTP
Oct  7 03:08:51.119[36m [INFO] [0mClient [::1]:50890 uid:0 accessing /login
Oct  7 03:08:51.816[36m [INFO] [0mClient [::1]:50890 uid:0 accessing /favicon.ico
Oct  7 03:08:55.865[36m [INFO] [0mClient [::1]:50890 uid:0 accessing /login
Oct  7 03:08:55.865[36m [INFO] [0mUser gyroot trying to login...
Oct  7 03:08:55.879[36m [INFO] [0mUser gyroot logged in with token 8b7a8cec3266f2145a25c8b56744fa3f71c78b3d43b77baf890cbaf741de942b
Oct  7 03:08:55.894[36m [INFO] [0mClient [::1]:50890 uid:1 accessing /dashboard
Oct  7 03:08:55.970[36m [INFO] [0mClient [::1]:50890 uid:1 accessing /avatar/RzoyZmMzYWZhMzkwNzYxYjBkYTQ0ZTkwZjExYTk5MTE1ZQ==
Oct  7 03:09:10.182[36m [INFO] [0mClient [::1]:50897 uid:0 accessing /
Oct  7 03:09:10.392[36m [INFO] [0mClient [::1]:50897 uid:0 accessing /assets/shared/fonts/fontawesome/css/all.min.css
Oct  7 03:09:10.394[36m [INFO] [0mClient [::1]:50898 uid:0 accessing /assets/frontpage/css/creative.min.css
Oct  7 03:09:10.395[36m [INFO] [0mClient [::1]:50899 uid:0 accessing /assets/shared/overlay-scrollbars/css/OverlayScrollbars.min.css
Oct  7 03:09:10.395[36m [INFO] [0mClient [::1]:50900 uid:0 accessing /assets/shared/jquery/jquery-3.4.1.min.js
Oct  7 03:09:10.395[36m [INFO] [0mClient [::1]:50901 uid:0 accessing /assets/shared/bootstrap/js/bootstrap.bundle.js
Oct  7 03:09:10.395[36m [INFO] [0mClient [::1]:50902 uid:0 accessing /assets/frontpage/js/creative.js
Oct  7 03:09:10.414[36m [INFO] [0mClient [::1]:50902 uid:0 accessing /assets/shared/overlay-scrollbars/js/OverlayScrollbars.min.js
Oct  7 03:09:10.718[36m [INFO] [0mClient [::1]:50901 uid:0 accessing /assets/frontpage/img/bg-masthead.jpg
Oct  7 03:09:15.472[36m [INFO] [0mClient [::1]:50901 uid:0 accessing /login
Oct  7 03:09:15.472[36m [INFO] [0mUser dummy trying to login...
Oct  7 03:09:15.477[31m [ERRO] [0m[dummy] Password error: password authentication for this username is invalid
Oct  7 03:09:15.477[31m [ERRO] [0m[dummy] UserLogin error: password authentication for this username is invalid
Oct  7 03:09:15.482[36m [INFO] [0mClient [::1]:50901 uid:0 accessing /login
Oct  7 03:09:15.524[36m [INFO] [0mClient [::1]:50898 uid:0 accessing /assets/dashboard/libs/css/style.css
Oct  7 03:09:15.526[36m [INFO] [0mClient [::1]:50902 uid:0 accessing /assets/dashboard/vendor/fonts/circular-std/style.css
Oct  7 03:09:15.524[36m [INFO] [0mClient [::1]:50900 uid:0 accessing /assets/dashboard/images/logo.png
Oct  7 03:09:15.525[36m [INFO] [0mClient [::1]:50901 uid:0 accessing /assets/shared/bootstrap/css/bootstrap.min.css
Oct  7 03:09:15.637[36m [INFO] [0mClient [::1]:50898 uid:0 accessing /assets/shared/fonts/fontawesome/webfonts/fa-solid-900.woff2
Oct  7 03:09:15.640[36m [INFO] [0mClient [::1]:50901 uid:0 accessing /assets/dashboard/vendor/fonts/circular-std/CircularStd-Book.woff
Oct  7 03:09:22.420[36m [INFO] [0mClient [::1]:50901 uid:0 accessing /login
Oct  7 03:09:22.420[36m [INFO] [0mUser dummy trying to login...
Oct  7 03:09:22.427[36m [INFO] [0mUser dummy logged in with token b7e5af60e79a72cb1fda788d7d1aeaa68cdcd3d6b2de295d663a47d3919f4846
Oct  7 03:09:22.433[36m [INFO] [0mClient [::1]:50901 uid:3 accessing /dashboard
Oct  7 03:09:22.492[36m [INFO] [0mClient [::1]:50902 uid:3 accessing /avatar/RzoyZmMzYWZhMzkwNzYxYjBkYTQ0ZTkwZjExYTk5MTE1ZQ==
Oct  7 03:09:22.492[36m [INFO] [0mClient [::1]:50900 uid:3 accessing /avatar/TToyNzU4NzZlMzRjZjYwOWRiMTE4ZjNkODRiNzk5YTc5MA==
Oct  7 03:09:22.496[36m [INFO] [0mClient [::1]:50901 uid:3 accessing /assets/dashboard/libs/css/gydash.css
Oct  7 03:09:22.497[36m [INFO] [0mClient [::1]:50898 uid:3 accessing /assets/shared/datetimepicker/build/jquery.datetimepicker.min.css
Oct  7 03:09:22.547[36m [INFO] [0mClient [::1]:50898 uid:3 accessing /assets/dashboard/vendor/slimscroll/jquery.slimscroll.js
Oct  7 03:09:22.552[36m [INFO] [0mClient [::1]:50898 uid:3 accessing /assets/dashboard/libs/js/main-js.js
Oct  7 03:09:22.552[36m [INFO] [0mClient [::1]:50901 uid:3 accessing /assets/dashboard/libs/js/gydash.js
Oct  7 03:09:22.659[36m [INFO] [0mClient [::1]:50900 uid:3 accessing /assets/shared/gargoyle/sound/ping.ogg
Oct  7 03:09:22.677[36m [INFO] [0mClient [::1]:50900 uid:3 accessing /assets/dashboard/vendor/fonts/circular-std/CircularStd-Medium.woff
Oct  7 03:09:22.864[36m [INFO] [0mClient [::1]:50900 uid:3 accessing /assets/shared/fonts/fontawesome/webfonts/fa-regular-400.woff2
