Oct  7 03:22:56.552[36m [INFO] [0mLog file will be printed on /Users/thiekus/projects/gargoyle-judge/lib/log/gymaster_2275_07-10-2019_03-22-56.log
Oct  7 03:22:56.552[36m [INFO] [0mProgramDir: /Users/thiekus/projects/gargoyle-judge/lib
Oct  7 03:22:56.552[36m [INFO] [0mWorkDir: /Users/thiekus/projects/gargoyle-judge/lib
Oct  7 03:22:56.552[36m [INFO] [0mInitializing master server...
Oct  7 03:22:56.553[36m [INFO] [0mConfig data loaded...
Oct  7 03:22:56.554[36m [INFO] [0mTesting database connection...
Oct  7 03:22:56.554[36m [INFO] [0mDB Driver: mysql
Oct  7 03:22:56.554[36m [INFO] [0mPing test into selected database...
Oct  7 03:22:56.558[36m [INFO] [0mDB Connection OK!
Oct  7 03:22:56.559[36m [INFO] [0mRouters have been initialized...
Oct  7 03:22:56.559[36m [INFO] [0mServer will use plain HTTP
Oct  7 03:23:04.821[36m [INFO] [0mClient [::1]:50991 uid:0 accessing /login
Oct  7 03:23:04.821[36m [INFO] [0mUser dummy trying to login...
Oct  7 03:23:04.825[31m [ERRO] [0m[dummy] Password error: password authentication for this username is invalid
Oct  7 03:23:04.825[31m [ERRO] [0m[dummy] UserLogin error: password authentication for this username is invalid
Oct  7 03:23:04.843[36m [INFO] [0mClient [::1]:50991 uid:0 accessing /login?target=L2Rhc2hib2FyZA==
Oct  7 03:23:13.088[36m [INFO] [0mClient [::1]:50991 uid:0 accessing /login
Oct  7 03:23:13.088[36m [INFO] [0mUser gyroot trying to login...
Oct  7 03:23:13.096[36m [INFO] [0mUser gyroot logged in with token 574071a206acf3904316c4d29c535c54c44f19f28c7d77920475f3047e7ed678
Oct  7 03:23:13.115[36m [INFO] [0mClient [::1]:50991 uid:1 accessing /dashboard
Oct  7 03:23:25.716[36m [INFO] [0mClient [::1]:50991 uid:1 accessing /logout
Oct  7 03:23:25.716[36m [INFO] [0mRemoving token 574071a206acf3904316c4d29c535c54c44f19f28c7d77920475f3047e7ed678 from logged user
Oct  7 03:23:25.735[36m [INFO] [0mClient [::1]:50991 uid:0 accessing /
Oct  7 03:23:36.231[36m [INFO] [0mClient [::1]:50991 uid:0 accessing /login
Oct  7 03:23:36.231[36m [INFO] [0mUser gyroot trying to login...
Oct  7 03:23:36.241[36m [INFO] [0mUser gyroot logged in with token 6df21d9781db6da00c18c63f584eca83d15d56e2f4b0903c506b965bee1b22a4
Oct  7 03:23:36.257[36m [INFO] [0mClient [::1]:50991 uid:1 accessing /dashboard
