Oct  7 14:08:24.230[36m [INFO] [0mLog file will be printed on /Users/thiekus/projects/gargoyle-judge/lib/log/gymaster_7d7_07-10-2019_14-08-24.log
Oct  7 14:08:24.230[36m [INFO] [0mProgramDir: /Users/thiekus/projects/gargoyle-judge/lib
Oct  7 14:08:24.230[36m [INFO] [0mWorkDir: /Users/thiekus/projects/gargoyle-judge/lib
Oct  7 14:08:24.230[36m [INFO] [0mInitializing master server...
Oct  7 14:08:24.231[36m [INFO] [0mConfig data loaded...
Oct  7 14:08:24.231[36m [INFO] [0mTesting database connection...
Oct  7 14:08:24.231[36m [INFO] [0mDB Driver: mysql
Oct  7 14:08:24.231[36m [INFO] [0mPing test into selected database...
Oct  7 14:08:24.236[36m [INFO] [0mDB Connection OK!
Oct  7 14:08:24.247[36m [INFO] [0m1 user token retrieved
Oct  7 14:08:24.248[36m [INFO] [0mRouters have been initialized...
Oct  7 14:08:24.249[36m [INFO] [0mServer will use plain HTTP
Oct  7 14:08:27.509[36m [INFO] [0mClient [::1]:49688 uid:0 accessing /
Oct  7 14:08:27.630[36m [INFO] [0mClient [::1]:49688 uid:0 accessing /assets/frontpage/js/creative.js
Oct  7 14:08:28.319[36m [INFO] [0mClient [::1]:49688 uid:0 accessing /favicon.ico
Oct  7 14:08:33.709[36m [INFO] [0mClient [::1]:49688 uid:0 accessing /login
Oct  7 14:08:33.710[36m [INFO] [0mUser dummy trying to login...
Oct  7 14:08:33.714[31m [ERRO] [0m[dummy] Password error: password authentication for this username is invalid
Oct  7 14:08:33.714[31m [ERRO] [0m[dummy] UserLogin error: password authentication for this username is invalid
Oct  7 14:08:33.730[36m [INFO] [0mClient [::1]:49688 uid:0 accessing /login
Oct  7 14:08:41.617[36m [INFO] [0mClient [::1]:49688 uid:0 accessing /login
Oct  7 14:08:41.617[36m [INFO] [0mUser dummy trying to login...
Oct  7 14:08:41.622[36m [INFO] [0mRemoving token 72028d6e8e840cb1d73fcf8357d4378f84fdddba0f337129d8703f97c3158ff3 from logged user
Oct  7 14:08:41.628[36m [INFO] [0mUser dummy logged in with token 0305b262540e34dd3b92e014898e76a634f48cd6f0d1142a01c5321c457fc0a4
Oct  7 14:08:41.640[36m [INFO] [0mClient [::1]:49688 uid:3 accessing /dashboard
Oct  7 14:08:41.725[36m [INFO] [0mClient [::1]:49688 uid:3 accessing /avatar/TToyNzU4NzZlMzRjZjYwOWRiMTE4ZjNkODRiNzk5YTc5MA==
Oct  7 14:08:41.777[36m [INFO] [0mClient [::1]:49691 uid:3 accessing /assets/dashboard/libs/js/gydash.js
Oct  7 14:08:41.915[36m [INFO] [0mClient [::1]:49688 uid:3 accessing /assets/shared/gargoyle/sound/ping.ogg
Oct  7 14:08:43.323[36m [INFO] [0mClient [::1]:49688 uid:3 accessing /dashboard/scoreboard
Oct  7 14:08:45.425[36m [INFO] [0mClient [::1]:49688 uid:3 accessing /dashboard/profile
Oct  7 14:08:47.630[36m [INFO] [0mClient [::1]:49688 uid:3 accessing /dashboard/notifications
Oct  7 14:08:48.814[36m [INFO] [0mClient [::1]:49688 uid:3 accessing /dashboard/settings
Oct  7 14:08:51.418[36m [INFO] [0mClient [::1]:49688 uid:3 accessing /dashboard/contests
Oct  7 14:10:05.504[36m [INFO] [0mClient [::1]:49688 uid:3 accessing /dashboard/contests
Oct  7 14:10:05.665[36m [INFO] [0mClient [::1]:49688 uid:3 accessing /assets/dashboard/libs/js/gydash.js
Oct  7 14:10:06.020[36m [INFO] [0mClient [::1]:49688 uid:3 accessing /favicon.ico
Oct  7 14:10:17.514[36m [INFO] [0mClient [::1]:49688 uid:3 accessing /dashboard/problemSet/1
Oct  7 14:10:22.759[36m [INFO] [0mClient [::1]:49688 uid:3 accessing /assets/shared/bootstrap/js/bootstrap.bundle.js.map
Oct  7 14:10:22.783[36m [INFO] [0mClient [::1]:49688 uid:3 accessing /assets/shared/bootstrap/css/bootstrap.min.css.map
Oct  7 14:10:27.068[36m [INFO] [0mClient [::1]:49688 uid:3 accessing /dashboard/problemSet/1
Oct  7 14:10:27.168[36m [INFO] [0mClient [::1]:49691 uid:3 accessing /assets/shared/fonts/fontawesome/css/all.min.css
Oct  7 14:10:27.169[36m [INFO] [0mClient [::1]:49688 uid:3 accessing /assets/shared/bootstrap/css/bootstrap.min.css
Oct  7 14:10:27.174[36m [INFO] [0mClient [::1]:49730 uid:3 accessing /assets/shared/overlay-scrollbars/css/OverlayScrollbars.min.css
Oct  7 14:10:27.175[36m [INFO] [0mClient [::1]:49731 uid:3 accessing /assets/dashboard/libs/css/gydash.css
Oct  7 14:10:27.189[36m [INFO] [0mClient [::1]:49732 uid:3 accessing /assets/shared/datetimepicker/build/jquery.datetimepicker.min.css
Oct  7 14:10:27.197[36m [INFO] [0mClient [::1]:49731 uid:3 accessing /assets/shared/bootstrap/js/bootstrap.bundle.js
Oct  7 14:10:27.197[36m [INFO] [0mClient [::1]:49691 uid:3 accessing /assets/dashboard/libs/css/style.css
Oct  7 14:10:27.198[36m [INFO] [0mClient [::1]:49733 uid:3 accessing /assets/shared/jquery/jquery-3.4.1.min.js
Oct  7 14:10:27.198[36m [INFO] [0mClient [::1]:49730 uid:3 accessing /assets/dashboard/vendor/fonts/circular-std/style.css
Oct  7 14:10:27.222[36m [INFO] [0mClient [::1]:49688 uid:3 accessing /avatar/TToyNzU4NzZlMzRjZjYwOWRiMTE4ZjNkODRiNzk5YTc5MA==
Oct  7 14:10:27.358[36m [INFO] [0mClient [::1]:49688 uid:3 accessing /assets/dashboard/vendor/slimscroll/jquery.slimscroll.js
Oct  7 14:10:27.374[36m [INFO] [0mClient [::1]:49688 uid:3 accessing /assets/dashboard/libs/js/main-js.js
Oct  7 14:10:27.426[36m [INFO] [0mClient [::1]:49688 uid:3 accessing /assets/shared/overlay-scrollbars/js/OverlayScrollbars.min.js
Oct  7 14:10:27.428[36m [INFO] [0mClient [::1]:49730 uid:3 accessing /assets/dashboard/libs/js/gydash.js
Oct  7 14:10:27.495[36m [INFO] [0mClient [::1]:49688 uid:3 accessing /assets/dashboard/vendor/fonts/circular-std/CircularStd-Book.woff
Oct  7 14:10:27.495[36m [INFO] [0mClient [::1]:49730 uid:3 accessing /assets/dashboard/vendor/fonts/circular-std/CircularStd-Medium.woff
Oct  7 14:10:27.496[36m [INFO] [0mClient [::1]:49731 uid:3 accessing /assets/shared/fonts/fontawesome/webfonts/fa-solid-900.woff2
Oct  7 14:10:27.641[36m [INFO] [0mClient [::1]:49731 uid:3 accessing /assets/shared/bootstrap/css/bootstrap.min.css.map
Oct  7 14:10:27.723[36m [INFO] [0mClient [::1]:49731 uid:3 accessing /assets/shared/bootstrap/js/bootstrap.bundle.js.map
Oct  7 14:10:28.087[36m [INFO] [0mClient [::1]:49731 uid:3 accessing /favicon.ico
Oct  7 14:10:59.683[36m [INFO] [0mClient [::1]:49731 uid:3 accessing /dashboard/problemSet/1
Oct  7 14:10:59.800[36m [INFO] [0mClient [::1]:49691 uid:3 accessing /assets/shared/bootstrap/css/bootstrap.min.css
Oct  7 14:10:59.802[36m [INFO] [0mClient [::1]:49730 uid:3 accessing /assets/dashboard/libs/css/style.css
Oct  7 14:10:59.802[36m [INFO] [0mClient [::1]:49731 uid:3 accessing /assets/dashboard/vendor/fonts/circular-std/style.css
Oct  7 14:10:59.802[36m [INFO] [0mClient [::1]:49688 uid:3 accessing /assets/shared/fonts/fontawesome/css/all.min.css
Oct  7 14:10:59.801[36m [INFO] [0mClient [::1]:49732 uid:3 accessing /assets/shared/jquery/jquery-3.4.1.min.js
Oct  7 14:10:59.802[36m [INFO] [0mClient [::1]:49733 uid:3 accessing /assets/dashboard/libs/css/gydash.css
Oct  7 14:10:59.812[36m [INFO] [0mClient [::1]:49731 uid:3 accessing /assets/shared/overlay-scrollbars/css/OverlayScrollbars.min.css
Oct  7 14:10:59.826[36m [INFO] [0mClient [::1]:49733 uid:3 accessing /assets/shared/datetimepicker/build/jquery.datetimepicker.min.css
Oct  7 14:10:59.827[36m [INFO] [0mClient [::1]:49688 uid:3 accessing /assets/shared/bootstrap/js/bootstrap.bundle.js
Oct  7 14:10:59.831[36m [INFO] [0mClient [::1]:49731 uid:3 accessing /avatar/TToyNzU4NzZlMzRjZjYwOWRiMTE4ZjNkODRiNzk5YTc5MA==
Oct  7 14:10:59.954[36m [INFO] [0mClient [::1]:49688 uid:3 accessing /assets/dashboard/vendor/slimscroll/jquery.slimscroll.js
Oct  7 14:11:00.003[36m [INFO] [0mClient [::1]:49688 uid:3 accessing /assets/dashboard/libs/js/main-js.js
Oct  7 14:11:00.004[36m [INFO] [0mClient [::1]:49733 uid:3 accessing /assets/shared/overlay-scrollbars/js/OverlayScrollbars.min.js
Oct  7 14:11:00.007[36m [INFO] [0mClient [::1]:49731 uid:3 accessing /assets/dashboard/libs/js/gydash.js
Oct  7 14:11:00.075[36m [INFO] [0mClient [::1]:49733 uid:3 accessing /assets/dashboard/vendor/fonts/circular-std/CircularStd-Book.woff
Oct  7 14:11:00.077[36m [INFO] [0mClient [::1]:49731 uid:3 accessing /assets/dashboard/vendor/fonts/circular-std/CircularStd-Medium.woff
Oct  7 14:11:00.078[36m [INFO] [0mClient [::1]:49688 uid:3 accessing /assets/shared/fonts/fontawesome/webfonts/fa-solid-900.woff2
Oct  7 14:11:00.164[36m [INFO] [0mClient [::1]:49731 uid:3 accessing /assets/shared/gargoyle/sound/ping.ogg
Oct  7 14:11:00.216[36m [INFO] [0mClient [::1]:49731 uid:3 accessing /assets/shared/bootstrap/css/bootstrap.min.css.map
Oct  7 14:11:00.240[36m [INFO] [0mClient [::1]:49731 uid:3 accessing /assets/shared/bootstrap/js/bootstrap.bundle.js.map
Oct  7 14:11:00.507[36m [INFO] [0mClient [::1]:49731 uid:3 accessing /favicon.ico
Oct  7 14:11:52.494[36m [INFO] [0mClient [::1]:49731 uid:3 accessing /dashboard/problemSet/1
Oct  7 14:11:52.611[36m [INFO] [0mClient [::1]:49688 uid:3 accessing /assets/dashboard/libs/css/style.css
Oct  7 14:11:52.613[36m [INFO] [0mClient [::1]:49731 uid:3 accessing /assets/shared/bootstrap/css/bootstrap.min.css
Oct  7 14:11:52.616[36m [INFO] [0mClient [::1]:49732 uid:3 accessing /assets/shared/datetimepicker/build/jquery.datetimepicker.min.css
Oct  7 14:11:52.617[36m [INFO] [0mClient [::1]:49730 uid:3 accessing /assets/shared/overlay-scrollbars/css/OverlayScrollbars.min.css
Oct  7 14:11:52.617[36m [INFO] [0mClient [::1]:49733 uid:3 accessing /assets/dashboard/vendor/fonts/circular-std/style.css
Oct  7 14:11:52.618[36m [INFO] [0mClient [::1]:49691 uid:3 accessing /assets/shared/fonts/fontawesome/css/all.min.css
Oct  7 14:11:52.632[36m [INFO] [0mClient [::1]:49732 uid:3 accessing /assets/dashboard/libs/css/gydash.css
Oct  7 14:11:52.633[36m [INFO] [0mClient [::1]:49733 uid:3 accessing /assets/shared/jquery/jquery-3.4.1.min.js
Oct  7 14:11:52.642[36m [INFO] [0mClient [::1]:49732 uid:3 accessing /avatar/TToyNzU4NzZlMzRjZjYwOWRiMTE4ZjNkODRiNzk5YTc5MA==
Oct  7 14:11:52.642[36m [INFO] [0mClient [::1]:49730 uid:3 accessing /assets/shared/bootstrap/js/bootstrap.bundle.js
Oct  7 14:11:52.798[36m [INFO] [0mClient [::1]:49733 uid:3 accessing /assets/dashboard/vendor/slimscroll/jquery.slimscroll.js
Oct  7 14:11:52.801[36m [INFO] [0mClient [::1]:49691 uid:3 accessing /assets/dashboard/libs/js/main-js.js
Oct  7 14:11:52.807[36m [INFO] [0mClient [::1]:49731 uid:3 accessing /assets/shared/overlay-scrollbars/js/OverlayScrollbars.min.js
Oct  7 14:11:52.807[36m [INFO] [0mClient [::1]:49688 uid:3 accessing /assets/dashboard/libs/js/gydash.js
Oct  7 14:11:52.883[36m [INFO] [0mClient [::1]:49691 uid:3 accessing /assets/dashboard/vendor/fonts/circular-std/CircularStd-Book.woff
Oct  7 14:11:52.883[36m [INFO] [0mClient [::1]:49688 uid:3 accessing /assets/dashboard/vendor/fonts/circular-std/CircularStd-Medium.woff
Oct  7 14:11:52.885[36m [INFO] [0mClient [::1]:49733 uid:3 accessing /assets/shared/fonts/fontawesome/webfonts/fa-solid-900.woff2
Oct  7 14:11:52.981[36m [INFO] [0mClient [::1]:49730 uid:3 accessing /assets/shared/gargoyle/sound/ping.ogg
Oct  7 14:11:52.986[36m [INFO] [0mClient [::1]:49730 uid:3 accessing /assets/shared/bootstrap/css/bootstrap.min.css.map
Oct  7 14:11:53.243[36m [INFO] [0mClient [::1]:49730 uid:3 accessing /assets/shared/bootstrap/js/bootstrap.bundle.js.map
Oct  7 14:11:53.469[36m [INFO] [0mClient [::1]:49730 uid:3 accessing /favicon.ico
Oct  7 14:12:23.493[36m [INFO] [0mClient [::1]:49730 uid:3 accessing /dashboard/problemSet/1
Oct  7 14:12:23.617[36m [INFO] [0mClient [::1]:49733 uid:3 accessing /assets/dashboard/vendor/fonts/circular-std/style.css
Oct  7 14:12:23.619[36m [INFO] [0mClient [::1]:49730 uid:3 accessing /assets/shared/bootstrap/css/bootstrap.min.css
Oct  7 14:12:23.623[36m [INFO] [0mClient [::1]:49688 uid:3 accessing /assets/shared/fonts/fontawesome/css/all.min.css
Oct  7 14:12:23.624[36m [INFO] [0mClient [::1]:49732 uid:3 accessing /assets/shared/overlay-scrollbars/css/OverlayScrollbars.min.css
Oct  7 14:12:23.623[36m [INFO] [0mClient [::1]:49731 uid:3 accessing /assets/shared/datetimepicker/build/jquery.datetimepicker.min.css
Oct  7 14:12:23.623[36m [INFO] [0mClient [::1]:49691 uid:3 accessing /assets/dashboard/libs/css/style.css
Oct  7 14:12:23.626[36m [INFO] [0mClient [::1]:49733 uid:3 accessing /assets/dashboard/libs/css/gydash.css
Oct  7 14:12:23.645[36m [INFO] [0mClient [::1]:49732 uid:3 accessing /assets/shared/jquery/jquery-3.4.1.min.js
Oct  7 14:12:23.647[36m [INFO] [0mClient [::1]:49731 uid:3 accessing /assets/shared/bootstrap/js/bootstrap.bundle.js
Oct  7 14:12:23.651[36m [INFO] [0mClient [::1]:49733 uid:3 accessing /avatar/TToyNzU4NzZlMzRjZjYwOWRiMTE4ZjNkODRiNzk5YTc5MA==
Oct  7 14:12:23.774[36m [INFO] [0mClient [::1]:49732 uid:3 accessing /assets/dashboard/vendor/slimscroll/jquery.slimscroll.js
Oct  7 14:12:23.819[36m [INFO] [0mClient [::1]:49731 uid:3 accessing /assets/dashboard/libs/js/main-js.js
Oct  7 14:12:23.821[36m [INFO] [0mClient [::1]:49732 uid:3 accessing /assets/shared/overlay-scrollbars/js/OverlayScrollbars.min.js
Oct  7 14:12:23.825[36m [INFO] [0mClient [::1]:49733 uid:3 accessing /assets/dashboard/libs/js/gydash.js
Oct  7 14:12:23.873[36m [INFO] [0mClient [::1]:49732 uid:3 accessing /assets/dashboard/vendor/fonts/circular-std/CircularStd-Book.woff
Oct  7 14:12:23.881[36m [INFO] [0mClient [::1]:49732 uid:3 accessing /assets/dashboard/vendor/fonts/circular-std/CircularStd-Medium.woff
Oct  7 14:12:23.891[36m [INFO] [0mClient [::1]:49733 uid:3 accessing /assets/shared/fonts/fontawesome/webfonts/fa-solid-900.woff2
Oct  7 14:12:24.011[36m [INFO] [0mClient [::1]:49733 uid:3 accessing /assets/shared/bootstrap/css/bootstrap.min.css.map
Oct  7 14:12:24.038[36m [INFO] [0mClient [::1]:49733 uid:3 accessing /assets/shared/gargoyle/sound/ping.ogg
Oct  7 14:12:24.133[36m [INFO] [0mClient [::1]:49733 uid:3 accessing /assets/shared/bootstrap/js/bootstrap.bundle.js.map
Oct  7 14:12:24.407[36m [INFO] [0mClient [::1]:49733 uid:3 accessing /favicon.ico
Oct  7 14:13:11.224[36m [INFO] [0mClient [::1]:49733 uid:3 accessing /dashboard/problemSet/1
Oct  7 14:13:11.343[36m [INFO] [0mClient [::1]:49731 uid:3 accessing /assets/dashboard/libs/css/style.css
Oct  7 14:13:11.343[36m [INFO] [0mClient [::1]:49691 uid:3 accessing /assets/shared/overlay-scrollbars/css/OverlayScrollbars.min.css
Oct  7 14:13:11.347[36m [INFO] [0mClient [::1]:49730 uid:3 accessing /assets/shared/fonts/fontawesome/css/all.min.css
Oct  7 14:13:11.346[36m [INFO] [0mClient [::1]:49732 uid:3 accessing /assets/dashboard/vendor/fonts/circular-std/style.css
Oct  7 14:13:11.347[36m [INFO] [0mClient [::1]:49688 uid:3 accessing /assets/dashboard/libs/css/gydash.css
Oct  7 14:13:11.345[36m [INFO] [0mClient [::1]:49733 uid:3 accessing /assets/shared/bootstrap/css/bootstrap.min.css
Oct  7 14:13:11.356[36m [INFO] [0mClient [::1]:49732 uid:3 accessing /assets/shared/datetimepicker/build/jquery.datetimepicker.min.css
Oct  7 14:13:11.366[36m [INFO] [0mClient [::1]:49730 uid:3 accessing /assets/shared/bootstrap/js/bootstrap.bundle.js
Oct  7 14:13:11.367[36m [INFO] [0mClient [::1]:49691 uid:3 accessing /assets/shared/jquery/jquery-3.4.1.min.js
Oct  7 14:13:11.368[36m [INFO] [0mClient [::1]:49731 uid:3 accessing /avatar/TToyNzU4NzZlMzRjZjYwOWRiMTE4ZjNkODRiNzk5YTc5MA==
Oct  7 14:13:11.506[36m [INFO] [0mClient [::1]:49691 uid:3 accessing /assets/dashboard/vendor/slimscroll/jquery.slimscroll.js
Oct  7 14:13:11.566[36m [INFO] [0mClient [::1]:49730 uid:3 accessing /assets/shared/overlay-scrollbars/js/OverlayScrollbars.min.js
Oct  7 14:13:11.569[36m [INFO] [0mClient [::1]:49691 uid:3 accessing /assets/dashboard/libs/js/main-js.js
Oct  7 14:13:11.570[36m [INFO] [0mClient [::1]:49731 uid:3 accessing /assets/dashboard/libs/js/gydash.js
Oct  7 14:13:11.638[36m [INFO] [0mClient [::1]:49730 uid:3 accessing /assets/dashboard/vendor/fonts/circular-std/CircularStd-Book.woff
Oct  7 14:13:11.643[36m [INFO] [0mClient [::1]:49730 uid:3 accessing /assets/dashboard/vendor/fonts/circular-std/CircularStd-Medium.woff
Oct  7 14:13:11.643[36m [INFO] [0mClient [::1]:49731 uid:3 accessing /assets/shared/fonts/fontawesome/webfonts/fa-solid-900.woff2
Oct  7 14:13:11.725[36m [INFO] [0mClient [::1]:49731 uid:3 accessing /assets/shared/bootstrap/css/bootstrap.min.css.map
Oct  7 14:13:11.765[36m [INFO] [0mClient [::1]:49731 uid:3 accessing /assets/shared/gargoyle/sound/ping.ogg
Oct  7 14:13:11.856[36m [INFO] [0mClient [::1]:49731 uid:3 accessing /assets/shared/bootstrap/js/bootstrap.bundle.js.map
Oct  7 14:13:12.129[36m [INFO] [0mClient [::1]:49731 uid:3 accessing /favicon.ico
Oct  7 14:13:46.985[36m [INFO] [0mClient [::1]:49731 uid:3 accessing /dashboard/problemSet/1
Oct  7 14:13:47.100[36m [INFO] [0mClient [::1]:49732 uid:3 accessing /assets/shared/overlay-scrollbars/css/OverlayScrollbars.min.css
Oct  7 14:13:47.101[36m [INFO] [0mClient [::1]:49688 uid:3 accessing /assets/dashboard/libs/css/gydash.css
Oct  7 14:13:47.104[36m [INFO] [0mClient [::1]:49733 uid:3 accessing /assets/shared/fonts/fontawesome/css/all.min.css
Oct  7 14:13:47.104[36m [INFO] [0mClient [::1]:49731 uid:3 accessing /assets/shared/bootstrap/css/bootstrap.min.css
Oct  7 14:13:47.103[36m [INFO] [0mClient [::1]:49691 uid:3 accessing /assets/dashboard/libs/css/style.css
Oct  7 14:13:47.103[36m [INFO] [0mClient [::1]:49730 uid:3 accessing /assets/dashboard/vendor/fonts/circular-std/style.css
Oct  7 14:13:47.118[36m [INFO] [0mClient [::1]:49688 uid:3 accessing /assets/shared/datetimepicker/build/jquery.datetimepicker.min.css
Oct  7 14:13:47.120[36m [INFO] [0mClient [::1]:49732 uid:3 accessing /assets/shared/jquery/jquery-3.4.1.min.js
Oct  7 14:13:47.128[36m [INFO] [0mClient [::1]:49730 uid:3 accessing /avatar/TToyNzU4NzZlMzRjZjYwOWRiMTE4ZjNkODRiNzk5YTc5MA==
Oct  7 14:13:47.129[36m [INFO] [0mClient [::1]:49733 uid:3 accessing /assets/shared/bootstrap/js/bootstrap.bundle.js
Oct  7 14:13:47.211[36m [INFO] [0mClient [::1]:49732 uid:3 accessing /assets/dashboard/vendor/slimscroll/jquery.slimscroll.js
Oct  7 14:13:47.228[36m [INFO] [0mClient [::1]:49731 uid:3 accessing /assets/dashboard/libs/js/main-js.js
Oct  7 14:13:47.234[36m [INFO] [0mClient [::1]:49688 uid:3 accessing /assets/shared/overlay-scrollbars/js/OverlayScrollbars.min.js
Oct  7 14:13:47.243[36m [INFO] [0mClient [::1]:49691 uid:3 accessing /assets/dashboard/libs/js/gydash.js
Oct  7 14:13:47.361[36m [INFO] [0mClient [::1]:49731 uid:3 accessing /assets/dashboard/vendor/fonts/circular-std/CircularStd-Book.woff
Oct  7 14:13:47.362[36m [INFO] [0mClient [::1]:49691 uid:3 accessing /assets/dashboard/vendor/fonts/circular-std/CircularStd-Medium.woff
Oct  7 14:13:47.363[36m [INFO] [0mClient [::1]:49730 uid:3 accessing /assets/shared/fonts/fontawesome/webfonts/fa-solid-900.woff2
Oct  7 14:13:47.419[36m [INFO] [0mClient [::1]:49730 uid:3 accessing /assets/shared/bootstrap/css/bootstrap.min.css.map
Oct  7 14:13:47.467[36m [INFO] [0mClient [::1]:49730 uid:3 accessing /assets/shared/gargoyle/sound/ping.ogg
Oct  7 14:13:47.592[36m [INFO] [0mClient [::1]:49730 uid:3 accessing /assets/shared/bootstrap/js/bootstrap.bundle.js.map
Oct  7 14:13:47.899[36m [INFO] [0mClient [::1]:49730 uid:3 accessing /favicon.ico
Oct  7 14:14:43.018[36m [INFO] [0mClient [::1]:49730 uid:3 accessing /dashboard/problemSet/1
Oct  7 14:14:43.133[36m [INFO] [0mClient [::1]:49730 uid:3 accessing /assets/shared/bootstrap/css/bootstrap.min.css
Oct  7 14:14:43.157[36m [INFO] [0mClient [::1]:49688 uid:3 accessing /assets/shared/datetimepicker/build/jquery.datetimepicker.min.css
Oct  7 14:14:43.168[36m [INFO] [0mClient [::1]:49733 uid:3 accessing /assets/dashboard/vendor/fonts/circular-std/style.css
Oct  7 14:14:43.168[36m [INFO] [0mClient [::1]:49691 uid:3 accessing /assets/shared/overlay-scrollbars/css/OverlayScrollbars.min.css
Oct  7 14:14:43.157[36m [INFO] [0mClient [::1]:49732 uid:3 accessing /assets/shared/jquery/jquery-3.4.1.min.js
Oct  7 14:14:43.165[36m [INFO] [0mClient [::1]:49731 uid:3 accessing /assets/dashboard/libs/css/style.css
Oct  7 14:14:43.182[36m [INFO] [0mClient [::1]:49730 uid:3 accessing /assets/shared/fonts/fontawesome/css/all.min.css
Oct  7 14:14:43.184[36m [INFO] [0mClient [::1]:49733 uid:3 accessing /assets/dashboard/libs/css/gydash.css
Oct  7 14:14:43.203[36m [INFO] [0mClient [::1]:49688 uid:3 accessing /assets/shared/bootstrap/js/bootstrap.bundle.js
Oct  7 14:14:43.222[36m [INFO] [0mClient [::1]:49691 uid:3 accessing /avatar/TToyNzU4NzZlMzRjZjYwOWRiMTE4ZjNkODRiNzk5YTc5MA==
Oct  7 14:14:43.287[36m [INFO] [0mClient [::1]:49731 uid:3 accessing /assets/dashboard/vendor/slimscroll/jquery.slimscroll.js
Oct  7 14:14:43.289[36m [INFO] [0mClient [::1]:49730 uid:3 accessing /assets/dashboard/libs/js/main-js.js
Oct  7 14:14:43.290[36m [INFO] [0mClient [::1]:49732 uid:3 accessing /assets/shared/overlay-scrollbars/js/OverlayScrollbars.min.js
Oct  7 14:14:43.291[36m [INFO] [0mClient [::1]:49733 uid:3 accessing /assets/dashboard/libs/js/gydash.js
Oct  7 14:14:43.324[36m [INFO] [0mClient [::1]:49732 uid:3 accessing /assets/shared/gargoyle/sound/ping.ogg
Oct  7 14:14:43.357[36m [INFO] [0mClient [::1]:49688 uid:3 accessing /assets/dashboard/vendor/fonts/circular-std/CircularStd-Book.woff
Oct  7 14:14:43.358[36m [INFO] [0mClient [::1]:49732 uid:3 accessing /assets/dashboard/vendor/fonts/circular-std/CircularStd-Medium.woff
Oct  7 14:14:43.360[36m [INFO] [0mClient [::1]:49731 uid:3 accessing /assets/shared/fonts/fontawesome/webfonts/fa-solid-900.woff2
Oct  7 14:14:43.411[36m [INFO] [0mClient [::1]:49731 uid:3 accessing /assets/shared/bootstrap/css/bootstrap.min.css.map
Oct  7 14:14:43.578[36m [INFO] [0mClient [::1]:49731 uid:3 accessing /assets/shared/bootstrap/js/bootstrap.bundle.js.map
Oct  7 14:14:43.960[36m [INFO] [0mClient [::1]:49731 uid:3 accessing /favicon.ico
Oct  7 14:14:47.372[36m [INFO] [0mClient [::1]:49731 uid:3 accessing /assets/shared/fonts/fontawesome/webfonts/fa-regular-400.woff2
Oct  7 14:16:14.881[36m [INFO] [0mClient [::1]:49731 uid:3 accessing /dashboard/problem/2
Oct  7 14:16:18.482[36m [INFO] [0mClient [::1]:49731 uid:3 accessing /dashboard/problem/1
Oct  7 14:16:20.698[36m [INFO] [0mClient [::1]:49731 uid:3 accessing /dashboard/problem/3
Oct  7 14:16:22.526[36m [INFO] [0mClient [::1]:49731 uid:3 accessing /dashboard/problem/1
Oct  7 14:16:24.114[36m [INFO] [0mClient [::1]:49731 uid:3 accessing /dashboard/problem/2
Oct  7 14:16:26.660[36m [INFO] [0mClient [::1]:49731 uid:3 accessing /dashboard/problem/1
Oct  7 14:17:24.630[36m [INFO] [0mClient [::1]:49731 uid:3 accessing /dashboard/problem/2
Oct  7 14:17:26.667[36m [INFO] [0mClient [::1]:49731 uid:3 accessing /dashboard/problem/1
Oct  7 14:17:35.249[36m [INFO] [0mClient [::1]:49731 uid:3 accessing /dashboard
Oct  7 14:17:36.557[36m [INFO] [0mClient [::1]:49731 uid:3 accessing /dashboard/contests
Oct  7 14:17:38.355[36m [INFO] [0mClient [::1]:49731 uid:3 accessing /dashboard/problemSet/1
Oct  7 14:51:12.174[36m [INFO] [0mClient [::1]:50942 uid:3 accessing /
Oct  7 14:51:12.197[36m [INFO] [0mClient [::1]:50942 uid:3 accessing /dashboard
Oct  7 14:51:12.495[36m [INFO] [0mClient [::1]:50942 uid:3 accessing /assets/dashboard/libs/js/gydash.js
Oct  7 14:51:14.798[36m [INFO] [0mClient [::1]:50942 uid:3 accessing /dashboard/contests
Oct  7 14:51:17.475[36m [INFO] [0mClient [::1]:50942 uid:3 accessing /dashboard/problemSet/1
Oct  7 14:51:17.475[31m [ERRO] [0myour time is over
Oct  7 14:51:17.479[36m [INFO] [0mClient [::1]:50942 uid:3 accessing /dashboard/contests
Oct  7 14:51:21.721[36m [INFO] [0mClient [::1]:50942 uid:3 accessing /dashboard
Oct  7 14:51:58.098[36m [INFO] [0mClient [::1]:50942 uid:3 accessing /dashboard/contests
