Oct  7 16:49:56.183[36m [INFO] [0mLog file will be printed on /Users/thiekus/projects/gargoyle-judge/lib/log/gymaster_b13_07-10-2019_16-49-56.log
Oct  7 16:49:56.183[36m [INFO] [0mProgramDir: /Users/thiekus/projects/gargoyle-judge/lib
Oct  7 16:49:56.183[36m [INFO] [0mWorkDir: /Users/thiekus/projects/gargoyle-judge/lib
Oct  7 16:49:56.183[36m [INFO] [0mInitializing master server...
Oct  7 16:49:56.185[36m [INFO] [0mConfig data loaded...
Oct  7 16:49:56.185[36m [INFO] [0mTesting database connection...
Oct  7 16:49:56.185[36m [INFO] [0mDB Driver: mysql
Oct  7 16:49:56.185[36m [INFO] [0mPing test into selected database...
Oct  7 16:49:56.189[36m [INFO] [0mDB Connection OK!
Oct  7 16:49:56.282[36m [INFO] [0m30 user token retrieved
Oct  7 16:49:56.283[36m [INFO] [0mRouters have been initialized...
Oct  7 16:49:56.284[36m [INFO] [0mServer will use plain HTTP
Oct  7 16:50:03.745[36m [INFO] [0mClient [::1]:51504 uid:0 accessing /
Oct  7 16:50:28.372[36m [INFO] [0mClient [::1]:51504 uid:0 accessing /login
Oct  7 16:50:28.372[36m [INFO] [0mUser dummy trying to login...
Oct  7 16:50:28.380[36m [INFO] [0mRemoving token ba59f049f5118e578fd560c1a7e354f97d35c6be4bf5e08fd1d22caa96d4f34e from logged user
Oct  7 16:50:28.393[36m [INFO] [0mUser dummy logged in with token 6a8416d7bbb1172f6f79375786d8143fc73983af65fa5639ca672a0d0ea1f5d6
Oct  7 16:50:28.410[36m [INFO] [0mClient [::1]:51504 uid:3 accessing /dashboard
Oct  7 16:50:28.517[36m [INFO] [0mClient [::1]:51504 uid:3 accessing /avatar/Rzo2MDA1OTE5OTYyMGM2NzhlYmVlYjUxZGZmMjYyNTViNQ==
Oct  7 16:50:28.577[36m [INFO] [0mClient [::1]:51507 uid:3 accessing /assets/dashboard/libs/js/gydash.js
Oct  7 16:51:17.349[36m [INFO] [0mClient [::1]:51507 uid:3 accessing /dashboard/scoreboard
Oct  7 16:51:20.205[36m [INFO] [0mClient [::1]:51507 uid:3 accessing /dashboard/scoreboard/2
Oct  7 16:51:20.264[36m [INFO] [0mClient [::1]:51504 uid:3 accessing /avatar/TTpmOGE1ODllNjhiNGM0ZWRjNDhjZjY2ODM2MjNlYzgwOA==
Oct  7 16:51:20.265[36m [INFO] [0mClient [::1]:51507 uid:3 accessing /avatar/TTpmNDc0MzRkZmZkMzA4OTE4ZDQyYTFhMmQxZGFmMDFiOA==
Oct  7 16:51:20.274[36m [INFO] [0mClient [::1]:51516 uid:3 accessing /avatar/TTphMzk4MjNjYzAyOGE0NDNkNGRlMjdiM2IyYmUxMmNkMQ==
Oct  7 16:51:20.292[36m [INFO] [0mClient [::1]:51518 uid:3 accessing /avatar/TTpiYjkxMGRmNjgxOTk5NTUxYjgyZmY0ZGE1ZDc0MjEyNw==
Oct  7 16:51:20.301[36m [INFO] [0mClient [::1]:51517 uid:3 accessing /avatar/TToxMDdiM2U0NDUzZmUwZTMwYWE1OWUyMzg2YzU4NmE0MA==
Oct  7 16:51:20.317[36m [INFO] [0mClient [::1]:51519 uid:3 accessing /avatar/Rzo3MTYzYjZkODhlN2JjMzA4NjE5OGM3NTQ0OTU3NDQzZA==
Oct  7 16:51:20.434[36m [INFO] [0mClient [::1]:51516 uid:3 accessing /avatar/TTpmMDAxM2E1N2VkYTM4YzI4ZWRhNjc2NzRlYTdhODUwYw==
Oct  7 16:51:20.457[36m [INFO] [0mClient [::1]:51517 uid:3 accessing /avatar/RzpmMTI2OGU2MjNkYzdjODViZTA5MmEwMjIzNjNiNjQxMw==
Oct  7 16:51:20.458[36m [INFO] [0mClient [::1]:51519 uid:3 accessing /avatar/TTo3ZjU2YWU4MGI0M2JjZjZkZGU2OTA2ZWRhMzY3YTE2Mw==
Oct  7 16:51:20.487[36m [INFO] [0mClient [::1]:51518 uid:3 accessing /assets/shared/gargoyle/css/scoreboard.css
Oct  7 16:51:20.493[36m [INFO] [0mClient [::1]:51507 uid:3 accessing /avatar/TTozMGIyMWRmM2I0MmEzNDFlN2FlMzdmNWE4N2NmNmNkMw==
Oct  7 16:51:20.495[36m [INFO] [0mClient [::1]:51518 uid:3 accessing /avatar/TTo2MDRmMmU2YTNhM2U1MjlmYTZiNjBiZjY0MjBiOWI2NQ==
Oct  7 16:51:20.549[36m [INFO] [0mClient [::1]:51504 uid:3 accessing /avatar/TTpmNDZjNjYwMGQ3MGM5ZTgwYjBiOTdlMWZjMGQ5Njg0ZA==
Oct  7 16:51:20.615[36m [INFO] [0mClient [::1]:51517 uid:3 accessing /avatar/TTo4MGUwYjJhMmMxYTFkNmQ0N2Y5YTlmZjU3M2MwOGM0Mg==
Oct  7 16:51:20.634[36m [INFO] [0mClient [::1]:51507 uid:3 accessing /avatar/TTplNWQ2YjRkYmY4ZDIzZDhkZWNkNDAyNDc0NGQzZjYzZA==
Oct  7 16:51:20.645[36m [INFO] [0mClient [::1]:51519 uid:3 accessing /avatar/TTphMmE5NzNmNmI3YmQxOTgxNmRmZmRjODAxZDE0MjIyMA==
Oct  7 16:51:20.649[36m [INFO] [0mClient [::1]:51516 uid:3 accessing /avatar/TTowN2QyOTIyZDllMGFiYmU3MTE3NDA4NjUwZDYyODYxOQ==
Oct  7 16:51:20.649[36m [INFO] [0mClient [::1]:51518 uid:3 accessing /avatar/TTo0NzE4MzhmZTFmNTkyNTY2ZTU3NzU5MjZlNDU5NzY4ZQ==
Oct  7 16:51:20.706[36m [INFO] [0mClient [::1]:51517 uid:3 accessing /avatar/TTpmODVlNTExODNhMzEwMzRkZjE2OGRjNjRkZWQ4YjgxYw==
Oct  7 16:51:20.649[36m [INFO] [0mClient [::1]:51504 uid:3 accessing /avatar/TTpmZGZlZGMwMWM2NmU5ZWEyODE3NTA4Y2ExMDk3ZGYyZg==
Oct  7 16:51:20.829[36m [INFO] [0mClient [::1]:51507 uid:3 accessing /avatar/TTplY2MxZjBhNmE2NTJlY2QwYWM5MmEyNDg0YWEwZDU2ZA==
Oct  7 16:51:20.829[36m [INFO] [0mClient [::1]:51519 uid:3 accessing /avatar/TToyNjI4NjA0OWYzZjAyY2M4MTQxOWE3NTM4MzM4NGIwNA==
Oct  7 16:51:20.830[36m [INFO] [0mClient [::1]:51516 uid:3 accessing /avatar/TTphM2VmZDBmMDZhNTAyODQ3NTYzODE0ZWJiNDdjZDI0Nw==
Oct  7 16:51:20.864[36m [INFO] [0mClient [::1]:51518 uid:3 accessing /avatar/TTo5NjE0Y2JjODY2NTk5NzRkYTg1M2RlZTIwMjgwYjhjNA==
Oct  7 16:51:20.897[36m [INFO] [0mClient [::1]:51517 uid:3 accessing /avatar/TTplNzhiZmNhYmE1ZTUzNDFiNjliMWUxOTViMDZhZDQyZQ==
Oct  7 16:51:20.923[36m [INFO] [0mClient [::1]:51504 uid:3 accessing /avatar/TTowNmE5YTI4NjY2NGU4NmZhODdlNTA5MmQ5NzQ1YmEwNQ==
Oct  7 16:51:20.941[36m [INFO] [0mClient [::1]:51516 uid:3 accessing /avatar/TTo5ZjM3ZjFkOWExZDQyOGFkODM1MWYwN2RiZTUwMmYwOQ==
Oct  7 16:51:21.007[36m [INFO] [0mClient [::1]:51507 uid:3 accessing /avatar/TTpmNTI1NDc5YjZhODMzNTE2ZDdkMTEzMjRhYTgzMjg5NQ==
Oct  7 16:51:21.007[36m [INFO] [0mClient [::1]:51518 uid:3 accessing /avatar/TTo4ZWVhY2U2MmE0ZGFiM2I0ZWY5OWEyZGFkNGUwMTZhNA==
