Oct  7 01:39:28.682[36m [INFO] [0mLog file will be printed on /Users/thiekus/projects/gargoyle-judge/lib/log/gymaster_1f57_07-10-2019_01-39-28.log
Oct  7 01:39:28.682[36m [INFO] [0mProgramDir: /Users/thiekus/projects/gargoyle-judge/lib
Oct  7 01:39:28.682[36m [INFO] [0mWorkDir: /Users/thiekus/projects/gargoyle-judge/lib
Oct  7 01:39:28.682[36m [INFO] [0mInitializing master server...
Oct  7 01:39:28.682[36m [INFO] [0mConfig data loaded...
Oct  7 01:39:28.682[36m [INFO] [0mTesting database connection...
Oct  7 01:39:28.683[36m [INFO] [0mDB Driver: mysql
Oct  7 01:39:28.683[36m [INFO] [0mPing test into selected database...
Oct  7 01:39:28.687[36m [INFO] [0mDB Connection OK!
Oct  7 01:39:28.688[36m [INFO] [0mRouters have been initialized...
Oct  7 01:39:28.688[36m [INFO] [0mServer will use plain HTTP
Oct  7 01:39:32.663[36m [INFO] [0mClient [::1]:50532 uid:0 accessing /logout
Oct  7 01:39:32.663[36m [INFO] [0mRemoving token b1d8aa146003c1efe05799180e513be504fedcb1375ca7a1952754854f51e6bb from logged user
Oct  7 01:39:32.677[36m [INFO] [0mClient [::1]:50532 uid:0 accessing /
Oct  7 01:39:38.399[36m [INFO] [0mClient [::1]:50532 uid:0 accessing /login
Oct  7 01:39:38.399[36m [INFO] [0mUser dummy trying to login...
Oct  7 01:39:38.405[36m [INFO] [0mUser dummy logged in with token 2d83ed653a9c5bf815a277c8f3848b147698f61a0c5d91eb55c850444df75b6b
Oct  7 01:39:38.417[36m [INFO] [0mClient [::1]:50532 uid:3 accessing /dashboard
Oct  7 01:39:40.170[36m [INFO] [0mClient [::1]:50532 uid:3 accessing /dashboard/scoreboard
Oct  7 01:39:40.170[31m [ERRO] [0muid:3 cannot access dashboard because insufficient privileges! Roles: {1 Contestant true false false}
