Oct  7 01:44:49.968[36m [INFO] [0mLog file will be printed on /Users/thiekus/projects/gargoyle-judge/lib/log/gymaster_1fae_07-10-2019_01-44-49.log
Oct  7 01:44:49.968[36m [INFO] [0mProgramDir: /Users/thiekus/projects/gargoyle-judge/lib
Oct  7 01:44:49.968[36m [INFO] [0mWorkDir: /Users/thiekus/projects/gargoyle-judge/lib
Oct  7 01:44:49.968[36m [INFO] [0mInitializing master server...
Oct  7 01:44:49.969[36m [INFO] [0mConfig data loaded...
Oct  7 01:44:49.969[36m [INFO] [0mTesting database connection...
Oct  7 01:44:49.969[36m [INFO] [0mDB Driver: mysql
Oct  7 01:44:49.969[36m [INFO] [0mPing test into selected database...
Oct  7 01:44:49.972[36m [INFO] [0mDB Connection OK!
Oct  7 01:44:49.974[36m [INFO] [0mRouters have been initialized...
Oct  7 01:44:49.974[36m [INFO] [0mServer will use plain HTTP
Oct  7 01:44:53.484[36m [INFO] [0mClient [::1]:50562 uid:0 accessing /dashboard/notifications
Oct  7 01:44:53.496[36m [INFO] [0mClient [::1]:50562 uid:0 accessing /login?target=L2Rhc2hib2FyZC9ub3RpZmljYXRpb25z
Oct  7 01:44:57.952[36m [INFO] [0mClient [::1]:50562 uid:0 accessing /login
Oct  7 01:44:57.952[36m [INFO] [0mUser gyroot trying to login...
Oct  7 01:44:57.958[36m [INFO] [0mUser gyroot logged in with token c545d19b1607da2fa2a2906d6e65bdfc16149d4c6a7230347fbc58a4fe033138
Oct  7 01:44:57.969[36m [INFO] [0mClient [::1]:50562 uid:1 accessing /dashboard/notifications
Oct  7 01:45:00.473[36m [INFO] [0mClient [::1]:50562 uid:1 accessing /dashboard/scoreboard
Oct  7 01:45:01.653[36m [INFO] [0mClient [::1]:50562 uid:1 accessing /dashboard/manageContests
Oct  7 01:45:02.715[36m [INFO] [0mClient [::1]:50562 uid:1 accessing /dashboard/manageUsers
Oct  7 01:45:02.715[31m [ERRO] [0muid:1 cannot access dashboard because insufficient privileges! Roles: {2 Administrator false true true}
