Oct  7 03:30:44.131[36m [INFO] [0mLog file will be printed on /Users/thiekus/projects/gargoyle-judge/lib/log/gymaster_2317_07-10-2019_03-30-44.log
Oct  7 03:30:44.131[36m [INFO] [0mProgramDir: /Users/thiekus/projects/gargoyle-judge/lib
Oct  7 03:30:44.131[36m [INFO] [0mWorkDir: /Users/thiekus/projects/gargoyle-judge/lib
Oct  7 03:30:44.132[36m [INFO] [0mInitializing master server...
Oct  7 03:30:44.133[36m [INFO] [0mConfig data loaded...
Oct  7 03:30:44.133[36m [INFO] [0mTesting database connection...
Oct  7 03:30:44.133[36m [INFO] [0mDB Driver: mysql
Oct  7 03:30:44.133[36m [INFO] [0mPing test into selected database...
Oct  7 03:30:44.137[36m [INFO] [0mDB Connection OK!
Oct  7 03:30:44.138[36m [INFO] [0mRouters have been initialized...
Oct  7 03:30:44.139[36m [INFO] [0mServer will use plain HTTP
Oct  7 03:30:49.348[36m [INFO] [0mClient [::1]:51310 uid:0 accessing /dashboard
Oct  7 03:30:49.365[36m [INFO] [0mClient [::1]:51310 uid:0 accessing /login?target=L2Rhc2hib2FyZA==
Oct  7 03:30:54.305[36m [INFO] [0mClient [::1]:51310 uid:0 accessing /login
Oct  7 03:30:54.305[36m [INFO] [0mUser gyroot trying to login...
Oct  7 03:30:54.321[36m [INFO] [0mUser gyroot logged in with token 8df93a0a3b9b0d15089f1b0259e70a051b3f5c8d7bf0a7c1a7b4d2beec4586e6
Oct  7 03:30:54.335[36m [INFO] [0mClient [::1]:51310 uid:1 accessing /dashboard
Oct  7 03:30:56.307[36m [INFO] [0mClient [::1]:51310 uid:1 accessing /dashboard/scoreboard
Oct  7 03:30:57.389[36m [INFO] [0mClient [::1]:51310 uid:1 accessing /dashboard/notifications
Oct  7 03:31:06.484[36m [INFO] [0mClient [::1]:51310 uid:1 accessing /dashboard
Oct  7 03:31:07.587[36m [INFO] [0mClient [::1]:51310 uid:1 accessing /dashboard/profile
Oct  7 03:31:08.579[36m [INFO] [0mClient [::1]:51310 uid:1 accessing /dashboard/notifications
